============================================
Job ID: 7740603  [STRONG PHYSICS 60/20/20]
Node:   bb6u17g1
GPUs:   0,1,2,3
Date:   Sun Mar 22 05:40:08 AM CDT 2026
============================================
============================================================
  Mamba Autoencoder CFD — DDP
============================================================
  Device: cuda:0
  GPU: NVIDIA L40S
  VRAM: 47.6 GB
  World size: 4
  Block type: mamba3
  seq_len: 8192, partitions: 8
  d_model: 64, d_state: 64, n_layers: 4
  Targets: ['qw', 'pw', 'tw', 'me', 'theta']
  Target weights: {'qw': 3.0, 'pw': 1.0, 'tw': 1.0, 'me': 1.0, 'theta': 1.0}
  Batch size: 4 (per GPU: 1)
  Epochs: 300, LR: 0.001

Loading data...
Raw dataset shape: (9282560, 15)
Detected solutions: 185
Split counts:
split
train    5569536
val      1856512
test     1856512
Name: count, dtype: int64
After cleaning: 9,106,059 rows, 185 solutions
Building partitioned datasets...
Train partitions: (888, 8192, 7)
Val partitions:   (296, 8192, 7)
Test partitions:  (296, 8192, 7)
Partitions per solution: 8
Raw dataset shape: (9282560, 15)
Detected solutions: 185
Split counts:
split
train    5569536
val      1856512
test     1856512
Name: count, dtype: int64
After cleaning: 9,106,059 rows, 185 solutions
Building partitioned datasets...
Train partitions: (888, 8192, 7)
Val partitions:   (296, 8192, 7)
Test partitions:  (296, 8192, 7)
Partitions per solution: 8
Model: 244,256 trainable parameters
Prediction heads: ['qw', 'pw', 'tw', 'me', 'theta']

  Ep |     Train |       Val |    qw MSE |    pw MSE |    tw MSE |        LR
--------------------------------------------------------------------------------
   1 |    1.8854 |    0.7509 |    0.1292 |    0.1808 |    0.1613 |  2.00e-04 *  (373.6s)
   2 |    0.6284 |    0.3416 |    0.0503 |    0.0547 |    0.0711 |  4.00e-04 *  (372.5s)
   3 |    0.3390 |    0.2344 |    0.0444 |    0.0397 |    0.0566 |  6.00e-04 *  (372.5s)
   4 |    0.2765 |    0.1911 |    0.0314 |    0.0467 |    0.0456 |  8.00e-04 *  (372.6s)
   5 |    0.2104 |    0.1100 |    0.0163 |    0.0171 |    0.0311 |  1.00e-03 *  (372.8s)
   9 |    0.1033 |    0.0782 |    0.0101 |    0.0134 |    0.0167 |  1.00e-03 *  (372.6s)
  10 |    0.1111 |    0.0777 |    0.0126 |    0.0108 |    0.0139 |  1.00e-03 *  (372.8s)
  11 |    0.0804 |    0.0475 |    0.0056 |    0.0055 |    0.0145 |  1.00e-03 *  (372.8s)
  13 |    0.0795 |    0.0468 |    0.0074 |    0.0056 |    0.0104 |  1.00e-03 *  (372.9s)
  18 |    0.0520 |    0.0460 |    0.0082 |    0.0083 |    0.0104 |  1.00e-03 *  (372.7s)
  20 |    0.0431 |    0.0337 |    0.0091 |    0.0049 |    0.0106 |  1.00e-03 *  (372.9s)
  23 |    0.0576 |    0.0331 |    0.0047 |    0.0035 |    0.0065 |  1.00e-03 *  (372.7s)
  29 |    0.0381 |    0.0302 |    0.0040 |    0.0027 |    0.0069 |  1.00e-03 *  (372.6s)
  30 |    0.0386 |    0.0394 |    0.0056 |    0.0041 |    0.0105 |  1.00e-03  (372.9s)
  33 |    0.0309 |    0.0231 |    0.0031 |    0.0022 |    0.0040 |  1.00e-03 *  (372.7s)
  34 |    0.0341 |    0.0223 |    0.0041 |    0.0031 |    0.0039 |  1.00e-03 *  (372.7s)
  40 |    0.0333 |    0.0439 |    0.0133 |    0.0095 |    0.0198 |  1.00e-03  (372.9s)
  41 |    0.0293 |    0.0170 |    0.0020 |    0.0014 |    0.0022 |  1.00e-03 *  (372.9s)
  50 |    0.0299 |    0.0244 |    0.0025 |    0.0035 |    0.0057 |  1.00e-03  (373.0s)
  53 |    0.0201 |    0.0113 |    0.0017 |    0.0011 |    0.0019 |  5.00e-04 *  (372.8s)
  55 |    0.0131 |    0.0093 |    0.0012 |    0.0012 |    0.0011 |  5.00e-04 *  (372.8s)
  57 |    0.0092 |    0.0073 |    0.0007 |    0.0007 |    0.0010 |  5.00e-04 *  (372.7s)
  60 |    0.0101 |    0.0134 |    0.0020 |    0.0014 |    0.0025 |  5.00e-04  (372.9s)
  69 |    0.0071 |    0.0071 |    0.0008 |    0.0008 |    0.0012 |  2.50e-04 *  (373.4s)
  70 |    0.0061 |    0.0071 |    0.0005 |    0.0005 |    0.0007 |  2.50e-04  (373.2s)
  71 |    0.0057 |    0.0067 |    0.0005 |    0.0005 |    0.0008 |  2.50e-04 *  (372.8s)
  73 |    0.0054 |    0.0061 |    0.0006 |    0.0005 |    0.0008 |  2.50e-04 *  (373.7s)
  74 |    0.0057 |    0.0060 |    0.0006 |    0.0005 |    0.0008 |  2.50e-04 *  (373.5s)
  77 |    0.0054 |    0.0055 |    0.0004 |    0.0004 |    0.0007 |  2.50e-04 *  (373.2s)
  80 |    0.0075 |    0.0090 |    0.0007 |    0.0006 |    0.0010 |  2.50e-04  (374.2s)
  82 |    0.0061 |    0.0053 |    0.0005 |    0.0004 |    0.0007 |  2.50e-04 *  (374.7s)
  84 |    0.0050 |    0.0050 |    0.0004 |    0.0004 |    0.0007 |  2.50e-04 *  (374.7s)
  90 |    0.0061 |    0.0059 |    0.0005 |    0.0005 |    0.0009 |  2.50e-04  (373.6s)
  97 |    0.0035 |    0.0043 |    0.0003 |    0.0003 |    0.0005 |  1.25e-04 *  (374.7s)
  99 |    0.0038 |    0.0040 |    0.0003 |    0.0003 |    0.0005 |  1.25e-04 *  (374.4s)
 100 |    0.0037 |    0.0049 |    0.0003 |    0.0003 |    0.0005 |  1.25e-04  (373.9s)
 106 |    0.0036 |    0.0040 |    0.0003 |    0.0003 |    0.0004 |  1.25e-04 *  (373.9s)
 110 |    0.0041 |    0.0044 |    0.0003 |    0.0003 |    0.0005 |  1.25e-04  (373.7s)
 118 |    0.0031 |    0.0039 |    0.0002 |    0.0002 |    0.0003 |  6.25e-05 *  (373.2s)
 120 |    0.0029 |    0.0037 |    0.0002 |    0.0002 |    0.0004 |  6.25e-05 *  (373.0s)
 121 |    0.0030 |    0.0035 |    0.0002 |    0.0002 |    0.0004 |  6.25e-05 *  (373.0s)
 130 |    0.0024 |    0.0036 |    0.0002 |    0.0002 |    0.0004 |  6.25e-05  (373.0s)
 138 |    0.0026 |    0.0033 |    0.0002 |    0.0002 |    0.0003 |  3.13e-05 *  (373.4s)
 140 |    0.0028 |    0.0035 |    0.0002 |    0.0002 |    0.0003 |  3.13e-05  (373.5s)
 150 |    0.0023 |    0.0036 |    0.0002 |    0.0002 |    0.0003 |  1.56e-05  (373.1s)
 160 |    0.0025 |    0.0033 |    0.0002 |    0.0002 |    0.0003 |  7.81e-06  (372.9s)

Early stopping at epoch 163

Training complete in 1014.0 minutes. Best val loss: 0.0033

============================================================
  EVALUATION ON TEST SET
============================================================

============================================================
  Heat Flux qw (W/m²) — MAMBA3 RESULTS
============================================================
  MAE:          7,817
  RMSE:         16,987
  Within ±1%:   50.7%
  Within ±3%:   87.6%
  Within ±5%:   95.8%
  Within ±10%:  99.7%
  Median error:  0.98%
  95th %%ile:    4.7%

============================================================
  Pressure pw (Pa) — MAMBA3 RESULTS
============================================================
  MAE:          189
  RMSE:         446
  Within ±1%:   44.3%
  Within ±3%:   85.1%
  Within ±5%:   95.2%
  Within ±10%:  99.5%
  Median error:  1.16%
  95th %%ile:    4.9%

============================================================
  Shear Stress τw (Pa) — MAMBA3 RESULTS
============================================================
  MAE:          1
  RMSE:         1
  Within ±1%:   50.9%
  Within ±3%:   91.1%
  Within ±5%:   97.3%
  Within ±10%:  99.6%
  Median error:  0.98%
  95th %%ile:    3.9%

============================================================
  Edge Mach Me (-) — MAMBA3 RESULTS
============================================================
  MAE:          0
  RMSE:         0
  Within ±1%:   72.2%
  Within ±3%:   97.9%
  Within ±5%:   99.4%
  Within ±10%:  99.9%
  Median error:  0.62%
  95th %%ile:    2.2%

============================================================
  Momentum Thickness θ (m) — MAMBA3 RESULTS
============================================================
  MAE:          0
  RMSE:         0
  Within ±1%:   38.3%
  Within ±3%:   81.9%
  Within ±5%:   93.5%
  Within ±10%:  98.1%
  Median error:  1.37%
  95th %%ile:    5.7%
Saved training curves to results/run_7740603/training_curves.png
Saved evaluation plots to results/run_7740603/evaluation_plots.png

Results saved to results/run_7740603/

Job completed: Sun Mar 22 10:37:28 PM CDT 2026
no_physics: False
qw_only: False
block_type: mamba3
seq_len: 8192
n_partitions: 8
d_model: 64
d_state: 64
n_layers: 4
latent_dim: 16
targets: ['qw', 'pw', 'tw', 'me', 'theta']
target_weights: {'qw': 3.0, 'pw': 1.0, 'tw': 1.0, 'me': 1.0, 'theta': 1.0}
batch_size: 4
epochs_run: 163
best_val_loss: 0.003252
training_time_min: 1014.0
world_size: 4

qw:
  MAE: 7,817
  RMSE: 16,987
  pct_1: 50.7%
  pct_5: 95.8%
  pct_10: 99.7%
  median_err: 0.98%
  q95_err: 4.7%

pw:
  MAE: 189
  RMSE: 446
  pct_1: 44.3%
  pct_5: 95.2%
  pct_10: 99.5%
  median_err: 1.16%
  q95_err: 4.9%

tw:
  MAE: 1
  RMSE: 1
  pct_1: 50.9%
  pct_5: 97.3%
  pct_10: 99.6%
  median_err: 0.98%
  q95_err: 3.9%

me:
  MAE: 0
  RMSE: 0
  pct_1: 72.2%
  pct_5: 99.4%
  pct_10: 99.9%
  median_err: 0.62%
  q95_err: 2.2%

theta:
  MAE: 0
  RMSE: 0
  pct_1: 38.3%
  pct_5: 93.5%
  pct_10: 98.1%
  median_err: 1.37%
  q95_err: 5.7%
