============================================
Job ID: 7156825  [NO PHYSICS]
Node:   bb7u11g1
GPUs:   0,1,2,3
Date:   Thu Mar 12 10:10:09 PM CDT 2026
============================================

Starting training (NO PHYSICS) with  GPUs...

============================================================
  Mamba Autoencoder CFD — DDP
============================================================
  Device: cuda:0
  GPU: NVIDIA L40S
  VRAM: 47.6 GB
  World size: 4
  Block type: mamba3
  seq_len: 8192, partitions: 8
  d_model: 64, d_state: 64, n_layers: 4
  Targets: ['qw', 'pw', 'tw', 'me', 'theta']
  Target weights: {'qw': 3.0, 'pw': 1.0, 'tw': 1.0, 'me': 1.0, 'theta': 1.0}
  Batch size: 4 (per GPU: 1)
  Epochs: 300, LR: 0.001

Loading data...
Raw dataset shape: (9282560, 15)
Detected solutions: 185
Split counts:
split
train    7426048
test      953344
val       903168
Name: count, dtype: int64
After cleaning: 9,106,059 rows, 185 solutions
Building partitioned datasets...
Train partitions: (1184, 8192, 7)
Val partitions:   (144, 8192, 7)
Test partitions:  (152, 8192, 7)
Partitions per solution: 8
Raw dataset shape: (9282560, 15)
Detected solutions: 185
Split counts:
split
train    7426048
test      953344
val       903168
Name: count, dtype: int64
After cleaning: 9,106,059 rows, 185 solutions
Building partitioned datasets...
Train partitions: (1184, 8192, 7)
Val partitions:   (144, 8192, 7)
Test partitions:  (152, 8192, 7)
Partitions per solution: 8
Model: 244,256 trainable parameters
Prediction heads: ['qw', 'pw', 'tw', 'me', 'theta']
torch.compile applied

  Ep |     Train |       Val |    qw MSE |    pw MSE |    tw MSE |        LR
--------------------------------------------------------------------------------
   1 |    0.9200 |    0.2415 |    0.0278 |    0.0379 |    0.0365 |  1.00e-03 *  (166.6s)
   2 |    0.2167 |    0.1649 |    0.0160 |    0.0182 |    0.0313 |  1.00e-03 *  (96.1s)
   3 |    0.1506 |    0.1319 |    0.0104 |    0.0120 |    0.0189 |  1.00e-03 *  (95.7s)
   4 |    0.1188 |    0.0918 |    0.0097 |    0.0071 |    0.0135 |  1.00e-03 *  (95.7s)
   5 |    0.1155 |    0.1198 |    0.0122 |    0.0081 |    0.0167 |  1.00e-03  (95.7s)
   8 |    0.0676 |    0.0838 |    0.0086 |    0.0113 |    0.0133 |  1.00e-03 *  (95.6s)
  10 |    0.0697 |    0.1292 |    0.0169 |    0.0157 |    0.0254 |  1.00e-03  (95.7s)
  20 |    0.5827 |    1.1345 |    0.1769 |    0.1968 |    0.1619 |  5.00e-04  (95.2s)

============================================
Job completed: Thu Mar 12 10:58:38 PM CDT 2026
============================================
