============================================
Job ID: 7516326  [QW ONLY]
Node:   bb6u19g1
GPUs:   0,1,2,3
Date:   Sun Mar 15 10:16:56 AM CDT 2026
============================================

Starting training (QW ONLY) with  GPUs...

============================================================
  Mamba Autoencoder CFD — DDP
============================================================
  Device: cuda:0
  GPU: NVIDIA L40S
  VRAM: 47.6 GB
  World size: 4
  Block type: mamba3
  seq_len: 8192, partitions: 8
  d_model: 64, d_state: 64, n_layers: 4
  Targets: ['qw']
  Target weights: {'qw': 3.0}
  Batch size: 4 (per GPU: 1)
  Epochs: 300, LR: 0.001

Loading data...
Raw dataset shape: (9282560, 15)
Detected solutions: 185
Split counts:
split
train    7426048
test      953344
val       903168
Name: count, dtype: int64
After cleaning: 9,106,059 rows, 185 solutions
Building partitioned datasets...
Train partitions: (1184, 8192, 7)
Val partitions:   (144, 8192, 7)
Test partitions:  (152, 8192, 7)
Partitions per solution: 8
Raw dataset shape: (9282560, 15)
Detected solutions: 185
Split counts:
split
train    7426048
test      953344
val       903168
Name: count, dtype: int64
After cleaning: 9,106,059 rows, 185 solutions
Building partitioned datasets...
Train partitions: (1184, 8192, 7)
Val partitions:   (144, 8192, 7)
Test partitions:  (152, 8192, 7)
Partitions per solution: 8
Model: 226,844 trainable parameters
Prediction heads: ['qw']

  Ep |     Train |       Val |    qw MSE |    pw MSE |    tw MSE |        LR
--------------------------------------------------------------------------------
   1 |    0.7806 |    0.2221 |    0.0660 |    0.0000 |    0.0000 |  2.00e-04 *  (474.2s)
   2 |    0.2196 |    0.1153 |    0.0432 |    0.0000 |    0.0000 |  4.00e-04 *  (473.4s)
   3 |    0.1385 |    0.0715 |    0.0259 |    0.0000 |    0.0000 |  6.00e-04 *  (473.5s)
   4 |    0.0906 |    0.0376 |    0.0167 |    0.0000 |    0.0000 |  8.00e-04 *  (473.5s)
   5 |    0.0729 |    0.0469 |    0.0194 |    0.0000 |    0.0000 |  1.00e-03  (473.5s)
   6 |    0.0449 |    0.0261 |    0.0141 |    0.0000 |    0.0000 |  1.00e-03 *  (473.4s)
   7 |    0.0298 |    0.0178 |    0.0085 |    0.0000 |    0.0000 |  1.00e-03 *  (473.5s)
   9 |    0.0285 |    0.0147 |    0.0088 |    0.0000 |    0.0000 |  1.00e-03 *  (473.5s)
  10 |    0.0304 |    0.0135 |    0.0063 |    0.0000 |    0.0000 |  1.00e-03 *  (473.6s)
  12 |    0.0246 |    0.0118 |    0.0061 |    0.0000 |    0.0000 |  1.00e-03 *  (473.9s)
  15 |    0.0162 |    0.0097 |    0.0045 |    0.0000 |    0.0000 |  1.00e-03 *  (473.9s)
  17 |    0.0123 |    0.0052 |    0.0018 |    0.0000 |    0.0000 |  1.00e-03 *  (473.9s)
  20 |    0.0126 |    0.0049 |    0.0019 |    0.0000 |    0.0000 |  1.00e-03 *  (473.8s)
  30 |    0.0086 |    0.0039 |    0.0013 |    0.0000 |    0.0000 |  1.00e-03 *  (473.9s)
  36 |    0.0072 |    0.0032 |    0.0016 |    0.0000 |    0.0000 |  1.00e-03 *  (473.8s)
  40 |    0.0065 |    0.0036 |    0.0013 |    0.0000 |    0.0000 |  1.00e-03  (473.9s)
  42 |    0.0059 |    0.0024 |    0.0013 |    0.0000 |    0.0000 |  1.00e-03 *  (473.8s)
  50 |    0.0074 |    0.0037 |    0.0021 |    0.0000 |    0.0000 |  1.00e-03  (473.8s)
  54 |    0.0018 |    0.0008 |    0.0003 |    0.0000 |    0.0000 |  5.00e-04 *  (473.7s)
  56 |    0.0013 |    0.0007 |    0.0003 |    0.0000 |    0.0000 |  5.00e-04 *  (473.8s)
  60 |    0.0016 |    0.0008 |    0.0004 |    0.0000 |    0.0000 |  5.00e-04  (473.8s)
  61 |    0.0011 |    0.0006 |    0.0002 |    0.0000 |    0.0000 |  5.00e-04 *  (473.8s)
  68 |    0.0008 |    0.0005 |    0.0002 |    0.0000 |    0.0000 |  5.00e-04 *  (473.8s)
  69 |    0.0008 |    0.0004 |    0.0002 |    0.0000 |    0.0000 |  5.00e-04 *  (473.8s)
  70 |    0.0011 |    0.0010 |    0.0005 |    0.0000 |    0.0000 |  5.00e-04  (473.8s)
  80 |    0.0020 |    0.0011 |    0.0004 |    0.0000 |    0.0000 |  2.50e-04  (473.8s)
  82 |    0.0005 |    0.0004 |    0.0001 |    0.0000 |    0.0000 |  2.50e-04 *  (473.7s)
  83 |    0.0004 |    0.0003 |    0.0001 |    0.0000 |    0.0000 |  2.50e-04 *  (473.6s)
  90 |    0.0006 |    0.0004 |    0.0002 |    0.0000 |    0.0000 |  2.50e-04  (473.5s)
  95 |    0.0004 |    0.0003 |    0.0001 |    0.0000 |    0.0000 |  1.25e-04 *  (473.5s)
  97 |    0.0003 |    0.0003 |    0.0001 |    0.0000 |    0.0000 |  1.25e-04 *  (473.5s)
 100 |    0.0003 |    0.0003 |    0.0001 |    0.0000 |    0.0000 |  1.25e-04  (473.6s)
 104 |    0.0003 |    0.0003 |    0.0001 |    0.0000 |    0.0000 |  1.25e-04 *  (473.5s)
 108 |    0.0003 |    0.0002 |    0.0001 |    0.0000 |    0.0000 |  1.25e-04 *  (473.5s)
 110 |    0.0004 |    0.0003 |    0.0001 |    0.0000 |    0.0000 |  1.25e-04  (473.5s)
 118 |    0.0004 |    0.0002 |    0.0001 |    0.0000 |    0.0000 |  1.25e-04 *  (473.6s)
 120 |    0.0004 |    0.0003 |    0.0001 |    0.0000 |    0.0000 |  1.25e-04  (473.6s)
 128 |    0.0003 |    0.0002 |    0.0001 |    0.0000 |    0.0000 |  1.25e-04 *  (473.5s)
 130 |    0.0006 |    0.0005 |    0.0002 |    0.0000 |    0.0000 |  1.25e-04  (473.5s)
 136 |    0.0003 |    0.0002 |    0.0001 |    0.0000 |    0.0000 |  1.25e-04 *  (473.6s)
 140 |    0.0003 |    0.0002 |    0.0001 |    0.0000 |    0.0000 |  1.25e-04  (473.5s)
 148 |    0.0002 |    0.0002 |    0.0001 |    0.0000 |    0.0000 |  6.25e-05 *  (473.6s)
 150 |    0.0002 |    0.0002 |    0.0001 |    0.0000 |    0.0000 |  6.25e-05  (473.5s)
 155 |    0.0002 |    0.0002 |    0.0001 |    0.0000 |    0.0000 |  6.25e-05 *  (473.5s)
 160 |    0.0002 |    0.0002 |    0.0001 |    0.0000 |    0.0000 |  6.25e-05  (473.5s)
 164 |    0.0002 |    0.0002 |    0.0000 |    0.0000 |    0.0000 |  6.25e-05 *  (473.6s)
 170 |    0.0002 |    0.0002 |    0.0001 |    0.0000 |    0.0000 |  6.25e-05  (473.5s)
 176 |    0.0002 |    0.0002 |    0.0000 |    0.0000 |    0.0000 |  3.13e-05 *  (473.5s)
 179 |    0.0002 |    0.0002 |    0.0000 |    0.0000 |    0.0000 |  3.13e-05 *  (473.6s)
 180 |    0.0002 |    0.0002 |    0.0001 |    0.0000 |    0.0000 |  3.13e-05  (473.5s)
