Traceback (most recent call last):
  File "<string>", line 2, in <module>
  File "/projects/dsci435/NASA_REENTRY_SP26/.conda/envs/mamba-cfd/lib/python3.11/site-packages/torch/__init__.py", line 898, in <module>
    raise ImportError(
ImportError: Failed to load PyTorch C extensions:
    It appears that PyTorch has loaded the `torch/_C` folder
    of the PyTorch repository rather than the C extensions which
    are expected in the `torch._C` namespace. This can occur when
    using the `install` workflow. e.g.
        $ python setup.py install && python -c "import torch"

    This error can generally be solved using the `develop` workflow
        $ python setup.py develop && python -c "import torch"  # This should succeed
    or by running Python from a different directory.
Traceback (most recent call last):
  File "<string>", line 1, in <module>
  File "/projects/dsci435/NASA_REENTRY_SP26/.conda/envs/mamba-cfd/lib/python3.11/site-packages/torch/__init__.py", line 898, in <module>
    raise ImportError(
ImportError: Failed to load PyTorch C extensions:
    It appears that PyTorch has loaded the `torch/_C` folder
    of the PyTorch repository rather than the C extensions which
    are expected in the `torch._C` namespace. This can occur when
    using the `install` workflow. e.g.
        $ python setup.py install && python -c "import torch"

    This error can generally be solved using the `develop` workflow
        $ python setup.py develop && python -c "import torch"  # This should succeed
    or by running Python from a different directory.
[rank2]: Traceback (most recent call last):
[rank2]:   File "/projects/dsci435/NASA_REENTRY_SP26/D2k_RiceNots/train.py", line 433, in <module>
[rank2]:     main()
[rank2]:   File "/projects/dsci435/NASA_REENTRY_SP26/D2k_RiceNots/train.py", line 322, in main
[rank2]:     train_losses = train_epoch(
[rank2]:   File "/projects/dsci435/NASA_REENTRY_SP26/D2k_RiceNots/train.py", line 108, in train_epoch
[rank2]:     out = model(X_batch)
[rank2]:   File "/projects/dsci435/NASA_REENTRY_SP26/.conda/envs/mamba-cfd/lib/python3.11/site-packages/torch/nn/modules/module.py", line 1736, in _wrapped_call_impl
[rank2]:     return self._call_impl(*args, **kwargs)
[rank2]:   File "/projects/dsci435/NASA_REENTRY_SP26/.conda/envs/mamba-cfd/lib/python3.11/site-packages/torch/nn/modules/module.py", line 1747, in _call_impl
[rank2]:     return forward_call(*args, **kwargs)
[rank2]:   File "/projects/dsci435/NASA_REENTRY_SP26/.conda/envs/mamba-cfd/lib/python3.11/site-packages/torch/nn/parallel/distributed.py", line 1643, in forward
[rank2]:     else self._run_ddp_forward(*inputs, **kwargs)
[rank2]:   File "/projects/dsci435/NASA_REENTRY_SP26/.conda/envs/mamba-cfd/lib/python3.11/site-packages/torch/nn/parallel/distributed.py", line 1459, in _run_ddp_forward
[rank2]:     return self.module(*inputs, **kwargs)  # type: ignore[index]
[rank2]:   File "/projects/dsci435/NASA_REENTRY_SP26/.conda/envs/mamba-cfd/lib/python3.11/site-packages/torch/nn/modules/module.py", line 1736, in _wrapped_call_impl
[rank2]:     return self._call_impl(*args, **kwargs)
[rank2]:   File "/projects/dsci435/NASA_REENTRY_SP26/.conda/envs/mamba-cfd/lib/python3.11/site-packages/torch/nn/modules/module.py", line 1747, in _call_impl
[rank2]:     return forward_call(*args, **kwargs)
[rank2]:   File "/projects/dsci435/NASA_REENTRY_SP26/.conda/envs/mamba-cfd/lib/python3.11/site-packages/torch/_dynamo/eval_frame.py", line 465, in _fn
[rank2]:     return fn(*args, **kwargs)
[rank2]:   File "/projects/dsci435/NASA_REENTRY_SP26/.conda/envs/mamba-cfd/lib/python3.11/site-packages/torch/nn/modules/module.py", line 1736, in _wrapped_call_impl
[rank2]:     return self._call_impl(*args, **kwargs)
[rank2]:   File "/projects/dsci435/NASA_REENTRY_SP26/.conda/envs/mamba-cfd/lib/python3.11/site-packages/torch/nn/modules/module.py", line 1747, in _call_impl
[rank2]:     return forward_call(*args, **kwargs)
[rank2]:   File "/projects/dsci435/NASA_REENTRY_SP26/D2k_RiceNots/model.py", line 252, in forward
[rank2]:     def forward(self, x):
[rank2]:   File "/projects/dsci435/NASA_REENTRY_SP26/.conda/envs/mamba-cfd/lib/python3.11/site-packages/torch/_dynamo/eval_frame.py", line 632, in _fn
[rank2]:     return fn(*args, **kwargs)
[rank2]:   File "/projects/dsci435/NASA_REENTRY_SP26/.conda/envs/mamba-cfd/lib/python3.11/site-packages/torch/_functorch/aot_autograd.py", line 1100, in forward
[rank2]:     return compiled_fn(full_args)
[rank2]:   File "/projects/dsci435/NASA_REENTRY_SP26/.conda/envs/mamba-cfd/lib/python3.11/site-packages/torch/_functorch/_aot_autograd/runtime_wrappers.py", line 308, in runtime_wrapper
[rank2]:     all_outs = call_func_at_runtime_with_args(
[rank2]:   File "/projects/dsci435/NASA_REENTRY_SP26/.conda/envs/mamba-cfd/lib/python3.11/site-packages/torch/_functorch/_aot_autograd/utils.py", line 124, in call_func_at_runtime_with_args
[rank2]:     out = normalize_as_list(f(args))
[rank2]:   File "/projects/dsci435/NASA_REENTRY_SP26/.conda/envs/mamba-cfd/lib/python3.11/site-packages/torch/_functorch/_aot_autograd/utils.py", line 98, in g
[rank2]:     return f(*args)
[rank2]:   File "/projects/dsci435/NASA_REENTRY_SP26/.conda/envs/mamba-cfd/lib/python3.11/site-packages/torch/autograd/function.py", line 575, in apply
[rank2]:     return super().apply(*args, **kwargs)  # type: ignore[misc]
[rank2]:   File "/projects/dsci435/NASA_REENTRY_SP26/.conda/envs/mamba-cfd/lib/python3.11/site-packages/torch/_functorch/_aot_autograd/runtime_wrappers.py", line 1525, in forward
[rank2]:     fw_outs = call_func_at_runtime_with_args(
[rank2]:   File "/projects/dsci435/NASA_REENTRY_SP26/.conda/envs/mamba-cfd/lib/python3.11/site-packages/torch/_functorch/_aot_autograd/utils.py", line 124, in call_func_at_runtime_with_args
[rank2]:     out = normalize_as_list(f(args))
[rank2]:   File "/projects/dsci435/NASA_REENTRY_SP26/.conda/envs/mamba-cfd/lib/python3.11/site-packages/torch/_functorch/_aot_autograd/runtime_wrappers.py", line 488, in wrapper
[rank2]:     return compiled_fn(runtime_args)
[rank2]:   File "/projects/dsci435/NASA_REENTRY_SP26/.conda/envs/mamba-cfd/lib/python3.11/site-packages/torch/_functorch/_aot_autograd/runtime_wrappers.py", line 667, in inner_fn
[rank2]:     outs = compiled_fn(args)
[rank2]:   File "/projects/dsci435/NASA_REENTRY_SP26/.conda/envs/mamba-cfd/lib/python3.11/site-packages/torch/_inductor/codecache.py", line 1478, in __call__
[rank2]:     return self.current_callable(inputs)
[rank2]:   File "/projects/dsci435/NASA_REENTRY_SP26/.conda/envs/mamba-cfd/lib/python3.11/site-packages/torch/_inductor/compile_fx.py", line 1008, in run
[rank2]:     return compiled_fn(new_inputs)
[rank2]:   File "/projects/dsci435/NASA_REENTRY_SP26/.conda/envs/mamba-cfd/lib/python3.11/site-packages/torch/_inductor/cudagraph_trees.py", line 382, in deferred_cudagraphify
[rank2]:     return fn(inputs)
[rank2]:   File "/projects/dsci435/NASA_REENTRY_SP26/.conda/envs/mamba-cfd/lib/python3.11/site-packages/torch/_inductor/utils.py", line 1977, in run
[rank2]:     return model(new_inputs)
[rank2]:   File "/projects/dsci435/NASA_REENTRY_SP26/.conda/envs/mamba-cfd/lib/python3.11/site-packages/torch/_inductor/cudagraph_trees.py", line 1919, in run
[rank2]:     out = self._run(new_inputs, function_id)
[rank2]:   File "/projects/dsci435/NASA_REENTRY_SP26/.conda/envs/mamba-cfd/lib/python3.11/site-packages/torch/_inductor/cudagraph_trees.py", line 2089, in _run
[rank2]:     return self.record_function(new_inputs, function_id)
[rank2]:   File "/projects/dsci435/NASA_REENTRY_SP26/.conda/envs/mamba-cfd/lib/python3.11/site-packages/torch/_inductor/cudagraph_trees.py", line 2123, in record_function
[rank2]:     node = CUDAGraphNode(
[rank2]:   File "/projects/dsci435/NASA_REENTRY_SP26/.conda/envs/mamba-cfd/lib/python3.11/site-packages/torch/_inductor/cudagraph_trees.py", line 970, in __init__
[rank2]:     self.recording_outputs: Optional[OutputType] = self._record(
[rank2]:   File "/projects/dsci435/NASA_REENTRY_SP26/.conda/envs/mamba-cfd/lib/python3.11/site-packages/torch/_inductor/cudagraph_trees.py", line 1204, in _record
[rank2]:     static_outputs = model(inputs)
[rank2]:   File "/tmp/torchinductor_kzz1/i5/ci5yjrdtr7phxtbindp5yrqxkrgv33why6f4qfukojz2as4h3h76.py", line 3184, in call
[rank2]:     buf57 = empty_strided_cuda((1, 8192, 128, 64), (67108864, 1, 524288, 8192), torch.float32)
[rank2]: torch.OutOfMemoryError: CUDA out of memory. Tried to allocate 256.00 MiB. GPU 2 has a total capacity of 44.32 GiB of which 67.31 MiB is free. Including non-PyTorch memory, this process has 44.25 GiB memory in use. Of the allocated memory 43.55 GiB is allocated by PyTorch, with 371.74 MiB allocated in private pools (e.g., CUDA Graphs), and 3.75 MiB is reserved by PyTorch but unallocated. If reserved but unallocated memory is large try setting PYTORCH_CUDA_ALLOC_CONF=expandable_segments:True to avoid fragmentation.  See documentation for Memory Management  (https://pytorch.org/docs/stable/notes/cuda.html#environment-variables)
W0312 23:14:42.641000 1384466 torch/distributed/elastic/multiprocessing/api.py:897] Sending process 1384468 closing signal SIGTERM
W0312 23:14:42.644000 1384466 torch/distributed/elastic/multiprocessing/api.py:897] Sending process 1384469 closing signal SIGTERM
W0312 23:14:42.645000 1384466 torch/distributed/elastic/multiprocessing/api.py:897] Sending process 1384471 closing signal SIGTERM
E0312 23:14:42.742000 1384466 torch/distributed/elastic/multiprocessing/api.py:869] failed (exitcode: 1) local_rank: 2 (pid: 1384470) of binary: /opt/apps/software/Miniforge3/24.1.2-0/bin/python
Traceback (most recent call last):
  File "/home/kzz1/.local/bin/torchrun", line 8, in <module>
    sys.exit(main())
  File "/projects/dsci435/NASA_REENTRY_SP26/.conda/envs/mamba-cfd/lib/python3.11/site-packages/torch/distributed/elastic/multiprocessing/errors/__init__.py", line 355, in wrapper
    return f(*args, **kwargs)
  File "/projects/dsci435/NASA_REENTRY_SP26/.conda/envs/mamba-cfd/lib/python3.11/site-packages/torch/distributed/run.py", line 919, in main
    run(args)
  File "/projects/dsci435/NASA_REENTRY_SP26/.conda/envs/mamba-cfd/lib/python3.11/site-packages/torch/distributed/run.py", line 910, in run
    elastic_launch(
  File "/projects/dsci435/NASA_REENTRY_SP26/.conda/envs/mamba-cfd/lib/python3.11/site-packages/torch/distributed/launcher/api.py", line 138, in __call__
    return launch_agent(self._config, self._entrypoint, list(args))
  File "/projects/dsci435/NASA_REENTRY_SP26/.conda/envs/mamba-cfd/lib/python3.11/site-packages/torch/distributed/launcher/api.py", line 269, in launch_agent
    raise ChildFailedError(
torch.distributed.elastic.multiprocessing.errors.ChildFailedError: 
============================================================
train.py FAILED
------------------------------------------------------------
Failures:
  <NO_OTHER_FAILURES>
------------------------------------------------------------
Root Cause (first observed failure):
[0]:
  time      : 2026-03-12_23:14:42
  host      : bb7u11g1.nots.rice.edu
  rank      : 2 (local_rank: 2)
  exitcode  : 1 (pid: 1384470)
  error_file: <N/A>
  traceback : To enable traceback see: https://pytorch.org/docs/stable/elastic/errors.html
============================================================
