Traceback (most recent call last):
  File "<string>", line 2, in <module>
  File "/projects/dsci435/NASA_REENTRY_SP26/.conda/envs/mamba-cfd/lib/python3.11/site-packages/torch/__init__.py", line 898, in <module>
    raise ImportError(
ImportError: Failed to load PyTorch C extensions:
    It appears that PyTorch has loaded the `torch/_C` folder
    of the PyTorch repository rather than the C extensions which
    are expected in the `torch._C` namespace. This can occur when
    using the `install` workflow. e.g.
        $ python setup.py install && python -c "import torch"

    This error can generally be solved using the `develop` workflow
        $ python setup.py develop && python -c "import torch"  # This should succeed
    or by running Python from a different directory.
Traceback (most recent call last):
  File "<string>", line 1, in <module>
  File "/projects/dsci435/NASA_REENTRY_SP26/.conda/envs/mamba-cfd/lib/python3.11/site-packages/torch/__init__.py", line 898, in <module>
    raise ImportError(
ImportError: Failed to load PyTorch C extensions:
    It appears that PyTorch has loaded the `torch/_C` folder
    of the PyTorch repository rather than the C extensions which
    are expected in the `torch._C` namespace. This can occur when
    using the `install` workflow. e.g.
        $ python setup.py install && python -c "import torch"

    This error can generally be solved using the `develop` workflow
        $ python setup.py develop && python -c "import torch"  # This should succeed
    or by running Python from a different directory.
W0312 06:00:53.721000 1187162 torch/distributed/run.py:793] 
W0312 06:00:53.721000 1187162 torch/distributed/run.py:793] *****************************************
W0312 06:00:53.721000 1187162 torch/distributed/run.py:793] Setting OMP_NUM_THREADS environment variable for each process to be 1 in default, to avoid your system being overloaded, please further tune the variable for optimal performance in your application as needed. 
W0312 06:00:53.721000 1187162 torch/distributed/run.py:793] *****************************************
[rank1]: Traceback (most recent call last):
[rank1]:   File "/projects/dsci435/NASA_REENTRY_SP26/D2k_RiceNots/train.py", line 413, in <module>
[rank1]:     main()
[rank1]:   File "/projects/dsci435/NASA_REENTRY_SP26/D2k_RiceNots/train.py", line 304, in main
[rank1]:     train_losses = train_epoch(
[rank1]:   File "/projects/dsci435/NASA_REENTRY_SP26/D2k_RiceNots/train.py", line 118, in train_epoch
[rank1]:     scaler_amp.update()  # keep scaler in sync
[rank1]:   File "/projects/dsci435/NASA_REENTRY_SP26/.conda/envs/mamba-cfd/lib/python3.11/site-packages/torch/amp/grad_scaler.py", line 514, in update
[rank1]:     assert len(found_infs) > 0, "No inf checks were recorded prior to update."
[rank1]: AssertionError: No inf checks were recorded prior to update.
W0312 06:32:45.361000 1187162 torch/distributed/elastic/multiprocessing/api.py:897] Sending process 1187195 closing signal SIGTERM
W0312 06:32:45.368000 1187162 torch/distributed/elastic/multiprocessing/api.py:897] Sending process 1187197 closing signal SIGTERM
W0312 06:32:45.378000 1187162 torch/distributed/elastic/multiprocessing/api.py:897] Sending process 1187198 closing signal SIGTERM
E0312 06:32:45.451000 1187162 torch/distributed/elastic/multiprocessing/api.py:869] failed (exitcode: 1) local_rank: 1 (pid: 1187196) of binary: /opt/apps/software/Miniforge3/24.1.2-0/bin/python
Traceback (most recent call last):
  File "/home/kzz1/.local/bin/torchrun", line 8, in <module>
    sys.exit(main())
  File "/projects/dsci435/NASA_REENTRY_SP26/.conda/envs/mamba-cfd/lib/python3.11/site-packages/torch/distributed/elastic/multiprocessing/errors/__init__.py", line 355, in wrapper
    return f(*args, **kwargs)
  File "/projects/dsci435/NASA_REENTRY_SP26/.conda/envs/mamba-cfd/lib/python3.11/site-packages/torch/distributed/run.py", line 919, in main
    run(args)
  File "/projects/dsci435/NASA_REENTRY_SP26/.conda/envs/mamba-cfd/lib/python3.11/site-packages/torch/distributed/run.py", line 910, in run
    elastic_launch(
  File "/projects/dsci435/NASA_REENTRY_SP26/.conda/envs/mamba-cfd/lib/python3.11/site-packages/torch/distributed/launcher/api.py", line 138, in __call__
    return launch_agent(self._config, self._entrypoint, list(args))
  File "/projects/dsci435/NASA_REENTRY_SP26/.conda/envs/mamba-cfd/lib/python3.11/site-packages/torch/distributed/launcher/api.py", line 269, in launch_agent
    raise ChildFailedError(
torch.distributed.elastic.multiprocessing.errors.ChildFailedError: 
============================================================
train.py FAILED
------------------------------------------------------------
Failures:
  <NO_OTHER_FAILURES>
------------------------------------------------------------
Root Cause (first observed failure):
[0]:
  time      : 2026-03-12_06:32:45
  host      : bb6u19g1.nots.rice.edu
  rank      : 1 (local_rank: 1)
  exitcode  : 1 (pid: 1187196)
  error_file: <N/A>
  traceback : To enable traceback see: https://pytorch.org/docs/stable/elastic/errors.html
============================================================
