============================================
Job ID: 7443142  [NO PHYSICS]
Node:   bb7u13g1
GPUs:   0,1,2,3
Date:   Sat Mar 14 08:54:09 PM CDT 2026
============================================

Starting training (NO PHYSICS) with  GPUs...

============================================================
  Mamba Autoencoder CFD — DDP
============================================================
  Device: cuda:0
  GPU: NVIDIA L40S
  VRAM: 47.6 GB
  World size: 4
  Block type: mamba3
  seq_len: 8192, partitions: 8
  d_model: 64, d_state: 64, n_layers: 4
  Targets: ['qw', 'pw', 'tw', 'me', 'theta']
  Target weights: {'qw': 3.0, 'pw': 1.0, 'tw': 1.0, 'me': 1.0, 'theta': 1.0}
  Batch size: 4 (per GPU: 1)
  Epochs: 300, LR: 0.001

Loading data...
Raw dataset shape: (9282560, 15)
Detected solutions: 185
Split counts:
split
train    7426048
test      953344
val       903168
Name: count, dtype: int64
After cleaning: 9,106,059 rows, 185 solutions
Building partitioned datasets...
Train partitions: (1184, 8192, 7)
Val partitions:   (144, 8192, 7)
Test partitions:  (152, 8192, 7)
Partitions per solution: 8
Raw dataset shape: (9282560, 15)
Detected solutions: 185
Split counts:
split
train    7426048
test      953344
val       903168
Name: count, dtype: int64
After cleaning: 9,106,059 rows, 185 solutions
Building partitioned datasets...
Train partitions: (1184, 8192, 7)
Val partitions:   (144, 8192, 7)
Test partitions:  (152, 8192, 7)
Partitions per solution: 8
Model: 244,256 trainable parameters
Prediction heads: ['qw', 'pw', 'tw', 'me', 'theta']

  Ep |     Train |       Val |    qw MSE |    pw MSE |    tw MSE |        LR
--------------------------------------------------------------------------------
   1 |    0.9299 |    0.2515 |    0.0303 |    0.0363 |    0.0394 |  1.00e-03 *  (476.4s)
   2 |    0.2202 |    0.1234 |    0.0129 |    0.0080 |    0.0227 |  1.00e-03 *  (475.3s)
   3 |    0.1470 |    0.1329 |    0.0135 |    0.0080 |    0.0185 |  1.00e-03  (475.2s)
   4 |    0.1140 |    0.0736 |    0.0075 |    0.0051 |    0.0113 |  1.00e-03 *  (475.3s)
   5 |    0.1112 |    0.2236 |    0.0392 |    0.0206 |    0.0286 |  1.00e-03  (475.2s)
  10 |    0.0687 |    0.0673 |    0.0038 |    0.0059 |    0.0103 |  1.00e-03 *  (475.1s)
  11 |    0.0685 |    0.0603 |    0.0084 |    0.0031 |    0.0073 |  1.00e-03 *  (475.3s)
  12 |    0.0675 |    0.0398 |    0.0028 |    0.0035 |    0.0047 |  1.00e-03 *  (475.3s)
  20 |    0.2732 |    0.5775 |    0.0450 |    0.0876 |    0.1426 |  1.00e-03  (475.3s)
  30 |    1.1877 |    1.5605 |    0.2114 |    0.1601 |    0.2337 |  5.00e-04  (475.3s)

============================================
Job completed: Sun Mar 15 01:10:40 AM CDT 2026
============================================
