Traceback (most recent call last):
  File "<string>", line 2, in <module>
  File "/projects/dsci435/NASA_REENTRY_SP26/.conda/envs/mamba-cfd/lib/python3.11/site-packages/torch/__init__.py", line 898, in <module>
    raise ImportError(
ImportError: Failed to load PyTorch C extensions:
    It appears that PyTorch has loaded the `torch/_C` folder
    of the PyTorch repository rather than the C extensions which
    are expected in the `torch._C` namespace. This can occur when
    using the `install` workflow. e.g.
        $ python setup.py install && python -c "import torch"

    This error can generally be solved using the `develop` workflow
        $ python setup.py develop && python -c "import torch"  # This should succeed
    or by running Python from a different directory.
Traceback (most recent call last):
  File "<string>", line 1, in <module>
  File "/projects/dsci435/NASA_REENTRY_SP26/.conda/envs/mamba-cfd/lib/python3.11/site-packages/torch/__init__.py", line 898, in <module>
    raise ImportError(
ImportError: Failed to load PyTorch C extensions:
    It appears that PyTorch has loaded the `torch/_C` folder
    of the PyTorch repository rather than the C extensions which
    are expected in the `torch._C` namespace. This can occur when
    using the `install` workflow. e.g.
        $ python setup.py install && python -c "import torch"

    This error can generally be solved using the `develop` workflow
        $ python setup.py develop && python -c "import torch"  # This should succeed
    or by running Python from a different directory.
[W313 12:07:12.788427531 CUDAAllocatorConfig.h:28] Warning: expandable_segments not supported on this platform (function operator())
[W313 12:07:12.807895285 CUDAAllocatorConfig.h:28] Warning: expandable_segments not supported on this platform (function operator())
[W313 12:07:13.855278457 CUDAAllocatorConfig.h:28] Warning: expandable_segments not supported on this platform (function operator())
[W313 12:07:13.857504413 CUDAAllocatorConfig.h:28] Warning: expandable_segments not supported on this platform (function operator())
[rank2]: Traceback (most recent call last):
[rank2]:   File "/projects/dsci435/NASA_REENTRY_SP26/.conda/envs/mamba-cfd/lib/python3.11/site-packages/torch/_dynamo/output_graph.py", line 1446, in _call_user_compiler
[rank2]:     compiled_fn = compiler_fn(gm, self.example_inputs())
[rank2]:   File "/projects/dsci435/NASA_REENTRY_SP26/.conda/envs/mamba-cfd/lib/python3.11/site-packages/torch/_dynamo/backends/distributed.py", line 424, in compile_fn
[rank2]:     raise NotImplementedError(
[rank2]: NotImplementedError: DDPOptimizer backend: Found a higher order op in the graph. This is not supported. Please turn off DDP optimizer using torch._dynamo.config.optimize_ddp=False. Note that this can cause performance degradation because there will be one bucket for the entire Dynamo graph. Please refer to this issue - https://github.com/pytorch/pytorch/issues/104674.

[rank2]: The above exception was the direct cause of the following exception:

[rank2]: Traceback (most recent call last):
[rank2]:   File "/projects/dsci435/NASA_REENTRY_SP26/D2k_RiceNots/train.py", line 433, in <module>
[rank2]:     main()
[rank2]:   File "/projects/dsci435/NASA_REENTRY_SP26/D2k_RiceNots/train.py", line 322, in main
[rank2]:     train_losses = train_epoch(
[rank2]:   File "/projects/dsci435/NASA_REENTRY_SP26/D2k_RiceNots/train.py", line 108, in train_epoch
[rank2]:     out = model(X_batch)
[rank2]:   File "/projects/dsci435/NASA_REENTRY_SP26/.conda/envs/mamba-cfd/lib/python3.11/site-packages/torch/nn/modules/module.py", line 1736, in _wrapped_call_impl
[rank2]:     return self._call_impl(*args, **kwargs)
[rank2]:   File "/projects/dsci435/NASA_REENTRY_SP26/.conda/envs/mamba-cfd/lib/python3.11/site-packages/torch/nn/modules/module.py", line 1747, in _call_impl
[rank2]:     return forward_call(*args, **kwargs)
[rank2]:   File "/projects/dsci435/NASA_REENTRY_SP26/.conda/envs/mamba-cfd/lib/python3.11/site-packages/torch/nn/parallel/distributed.py", line 1643, in forward
[rank2]:     else self._run_ddp_forward(*inputs, **kwargs)
[rank2]:   File "/projects/dsci435/NASA_REENTRY_SP26/.conda/envs/mamba-cfd/lib/python3.11/site-packages/torch/nn/parallel/distributed.py", line 1459, in _run_ddp_forward
[rank2]:     return self.module(*inputs, **kwargs)  # type: ignore[index]
[rank2]:   File "/projects/dsci435/NASA_REENTRY_SP26/.conda/envs/mamba-cfd/lib/python3.11/site-packages/torch/nn/modules/module.py", line 1736, in _wrapped_call_impl
[rank2]:     return self._call_impl(*args, **kwargs)
[rank2]:   File "/projects/dsci435/NASA_REENTRY_SP26/.conda/envs/mamba-cfd/lib/python3.11/site-packages/torch/nn/modules/module.py", line 1747, in _call_impl
[rank2]:     return forward_call(*args, **kwargs)
[rank2]:   File "/projects/dsci435/NASA_REENTRY_SP26/.conda/envs/mamba-cfd/lib/python3.11/site-packages/torch/_dynamo/eval_frame.py", line 465, in _fn
[rank2]:     return fn(*args, **kwargs)
[rank2]:   File "/projects/dsci435/NASA_REENTRY_SP26/.conda/envs/mamba-cfd/lib/python3.11/site-packages/torch/nn/modules/module.py", line 1736, in _wrapped_call_impl
[rank2]:     return self._call_impl(*args, **kwargs)
[rank2]:   File "/projects/dsci435/NASA_REENTRY_SP26/.conda/envs/mamba-cfd/lib/python3.11/site-packages/torch/nn/modules/module.py", line 1747, in _call_impl
[rank2]:     return forward_call(*args, **kwargs)
[rank2]:   File "/projects/dsci435/NASA_REENTRY_SP26/.conda/envs/mamba-cfd/lib/python3.11/site-packages/torch/_dynamo/convert_frame.py", line 1263, in __call__
[rank2]:     return hijacked_callback(
[rank2]:   File "/projects/dsci435/NASA_REENTRY_SP26/.conda/envs/mamba-cfd/lib/python3.11/site-packages/torch/_dynamo/convert_frame.py", line 1064, in __call__
[rank2]:     result = self._inner_convert(
[rank2]:   File "/projects/dsci435/NASA_REENTRY_SP26/.conda/envs/mamba-cfd/lib/python3.11/site-packages/torch/_dynamo/convert_frame.py", line 526, in __call__
[rank2]:     return _compile(
[rank2]:   File "/projects/dsci435/NASA_REENTRY_SP26/.conda/envs/mamba-cfd/lib/python3.11/site-packages/torch/_dynamo/convert_frame.py", line 924, in _compile
[rank2]:     guarded_code = compile_inner(code, one_graph, hooks, transform)
[rank2]:   File "/projects/dsci435/NASA_REENTRY_SP26/.conda/envs/mamba-cfd/lib/python3.11/site-packages/torch/_dynamo/convert_frame.py", line 666, in compile_inner
[rank2]:     return _compile_inner(code, one_graph, hooks, transform)
[rank2]:   File "/projects/dsci435/NASA_REENTRY_SP26/.conda/envs/mamba-cfd/lib/python3.11/site-packages/torch/_utils_internal.py", line 87, in wrapper_function
[rank2]:     return function(*args, **kwargs)
[rank2]:   File "/projects/dsci435/NASA_REENTRY_SP26/.conda/envs/mamba-cfd/lib/python3.11/site-packages/torch/_dynamo/convert_frame.py", line 699, in _compile_inner
[rank2]:     out_code = transform_code_object(code, transform)
[rank2]:   File "/projects/dsci435/NASA_REENTRY_SP26/.conda/envs/mamba-cfd/lib/python3.11/site-packages/torch/_dynamo/bytecode_transformation.py", line 1322, in transform_code_object
[rank2]:     transformations(instructions, code_options)
[rank2]:   File "/projects/dsci435/NASA_REENTRY_SP26/.conda/envs/mamba-cfd/lib/python3.11/site-packages/torch/_dynamo/convert_frame.py", line 219, in _fn
[rank2]:     return fn(*args, **kwargs)
[rank2]:   File "/projects/dsci435/NASA_REENTRY_SP26/.conda/envs/mamba-cfd/lib/python3.11/site-packages/torch/_dynamo/convert_frame.py", line 634, in transform
[rank2]:     tracer.run()
[rank2]:   File "/projects/dsci435/NASA_REENTRY_SP26/.conda/envs/mamba-cfd/lib/python3.11/site-packages/torch/_dynamo/symbolic_convert.py", line 2796, in run
[rank2]:     super().run()
[rank2]:   File "/projects/dsci435/NASA_REENTRY_SP26/.conda/envs/mamba-cfd/lib/python3.11/site-packages/torch/_dynamo/symbolic_convert.py", line 983, in run
[rank2]:     while self.step():
[rank2]:   File "/projects/dsci435/NASA_REENTRY_SP26/.conda/envs/mamba-cfd/lib/python3.11/site-packages/torch/_dynamo/symbolic_convert.py", line 895, in step
[rank2]:     self.dispatch_table[inst.opcode](self, inst)
[rank2]:   File "/projects/dsci435/NASA_REENTRY_SP26/.conda/envs/mamba-cfd/lib/python3.11/site-packages/torch/_dynamo/symbolic_convert.py", line 2987, in RETURN_VALUE
[rank2]:     self._return(inst)
[rank2]:   File "/projects/dsci435/NASA_REENTRY_SP26/.conda/envs/mamba-cfd/lib/python3.11/site-packages/torch/_dynamo/symbolic_convert.py", line 2972, in _return
[rank2]:     self.output.compile_subgraph(
[rank2]:   File "/projects/dsci435/NASA_REENTRY_SP26/.conda/envs/mamba-cfd/lib/python3.11/site-packages/torch/_dynamo/output_graph.py", line 1142, in compile_subgraph
[rank2]:     self.compile_and_call_fx_graph(tx, pass2.graph_output_vars(), root)
[rank2]:   File "/projects/dsci435/NASA_REENTRY_SP26/.conda/envs/mamba-cfd/lib/python3.11/site-packages/torch/_dynamo/output_graph.py", line 1369, in compile_and_call_fx_graph
[rank2]:     compiled_fn = self.call_user_compiler(gm)
[rank2]:   File "/projects/dsci435/NASA_REENTRY_SP26/.conda/envs/mamba-cfd/lib/python3.11/site-packages/torch/_dynamo/output_graph.py", line 1416, in call_user_compiler
[rank2]:     return self._call_user_compiler(gm)
[rank2]:   File "/projects/dsci435/NASA_REENTRY_SP26/.conda/envs/mamba-cfd/lib/python3.11/site-packages/torch/_dynamo/output_graph.py", line 1465, in _call_user_compiler
[rank2]:     raise BackendCompilerFailed(self.compiler_fn, e) from e
[rank2]: torch._dynamo.exc.BackendCompilerFailed: backend='compile_fn' raised:
[rank2]: NotImplementedError: DDPOptimizer backend: Found a higher order op in the graph. This is not supported. Please turn off DDP optimizer using torch._dynamo.config.optimize_ddp=False. Note that this can cause performance degradation because there will be one bucket for the entire Dynamo graph. Please refer to this issue - https://github.com/pytorch/pytorch/issues/104674.

[rank2]: Set TORCH_LOGS="+dynamo" and TORCHDYNAMO_VERBOSE=1 for more information


[rank2]: You can suppress this exception and fall back to eager by setting:
[rank2]:     import torch._dynamo
[rank2]:     torch._dynamo.config.suppress_errors = True

[rank3]: Traceback (most recent call last):
[rank3]:   File "/projects/dsci435/NASA_REENTRY_SP26/.conda/envs/mamba-cfd/lib/python3.11/site-packages/torch/_dynamo/output_graph.py", line 1446, in _call_user_compiler
[rank3]:     compiled_fn = compiler_fn(gm, self.example_inputs())
[rank3]:   File "/projects/dsci435/NASA_REENTRY_SP26/.conda/envs/mamba-cfd/lib/python3.11/site-packages/torch/_dynamo/backends/distributed.py", line 424, in compile_fn
[rank3]:     raise NotImplementedError(
[rank3]: NotImplementedError: DDPOptimizer backend: Found a higher order op in the graph. This is not supported. Please turn off DDP optimizer using torch._dynamo.config.optimize_ddp=False. Note that this can cause performance degradation because there will be one bucket for the entire Dynamo graph. Please refer to this issue - https://github.com/pytorch/pytorch/issues/104674.

[rank3]: The above exception was the direct cause of the following exception:

[rank3]: Traceback (most recent call last):
[rank3]:   File "/projects/dsci435/NASA_REENTRY_SP26/D2k_RiceNots/train.py", line 433, in <module>
[rank3]:     main()
[rank3]:   File "/projects/dsci435/NASA_REENTRY_SP26/D2k_RiceNots/train.py", line 322, in main
[rank3]:     train_losses = train_epoch(
[rank3]:   File "/projects/dsci435/NASA_REENTRY_SP26/D2k_RiceNots/train.py", line 108, in train_epoch
[rank3]:     out = model(X_batch)
[rank3]:   File "/projects/dsci435/NASA_REENTRY_SP26/.conda/envs/mamba-cfd/lib/python3.11/site-packages/torch/nn/modules/module.py", line 1736, in _wrapped_call_impl
[rank3]:     return self._call_impl(*args, **kwargs)
[rank3]:   File "/projects/dsci435/NASA_REENTRY_SP26/.conda/envs/mamba-cfd/lib/python3.11/site-packages/torch/nn/modules/module.py", line 1747, in _call_impl
[rank3]:     return forward_call(*args, **kwargs)
[rank3]:   File "/projects/dsci435/NASA_REENTRY_SP26/.conda/envs/mamba-cfd/lib/python3.11/site-packages/torch/nn/parallel/distributed.py", line 1643, in forward
[rank3]:     else self._run_ddp_forward(*inputs, **kwargs)
[rank3]:   File "/projects/dsci435/NASA_REENTRY_SP26/.conda/envs/mamba-cfd/lib/python3.11/site-packages/torch/nn/parallel/distributed.py", line 1459, in _run_ddp_forward
[rank3]:     return self.module(*inputs, **kwargs)  # type: ignore[index]
[rank3]:   File "/projects/dsci435/NASA_REENTRY_SP26/.conda/envs/mamba-cfd/lib/python3.11/site-packages/torch/nn/modules/module.py", line 1736, in _wrapped_call_impl
[rank3]:     return self._call_impl(*args, **kwargs)
[rank3]:   File "/projects/dsci435/NASA_REENTRY_SP26/.conda/envs/mamba-cfd/lib/python3.11/site-packages/torch/nn/modules/module.py", line 1747, in _call_impl
[rank3]:     return forward_call(*args, **kwargs)
[rank3]:   File "/projects/dsci435/NASA_REENTRY_SP26/.conda/envs/mamba-cfd/lib/python3.11/site-packages/torch/_dynamo/eval_frame.py", line 465, in _fn
[rank3]:     return fn(*args, **kwargs)
[rank3]:   File "/projects/dsci435/NASA_REENTRY_SP26/.conda/envs/mamba-cfd/lib/python3.11/site-packages/torch/nn/modules/module.py", line 1736, in _wrapped_call_impl
[rank3]:     return self._call_impl(*args, **kwargs)
[rank3]:   File "/projects/dsci435/NASA_REENTRY_SP26/.conda/envs/mamba-cfd/lib/python3.11/site-packages/torch/nn/modules/module.py", line 1747, in _call_impl
[rank3]:     return forward_call(*args, **kwargs)
[rank3]:   File "/projects/dsci435/NASA_REENTRY_SP26/.conda/envs/mamba-cfd/lib/python3.11/site-packages/torch/_dynamo/convert_frame.py", line 1263, in __call__
[rank3]:     return hijacked_callback(
[rank3]:   File "/projects/dsci435/NASA_REENTRY_SP26/.conda/envs/mamba-cfd/lib/python3.11/site-packages/torch/_dynamo/convert_frame.py", line 1064, in __call__
[rank3]:     result = self._inner_convert(
[rank3]:   File "/projects/dsci435/NASA_REENTRY_SP26/.conda/envs/mamba-cfd/lib/python3.11/site-packages/torch/_dynamo/convert_frame.py", line 526, in __call__
[rank3]:     return _compile(
[rank3]:   File "/projects/dsci435/NASA_REENTRY_SP26/.conda/envs/mamba-cfd/lib/python3.11/site-packages/torch/_dynamo/convert_frame.py", line 924, in _compile
[rank3]:     guarded_code = compile_inner(code, one_graph, hooks, transform)
[rank3]:   File "/projects/dsci435/NASA_REENTRY_SP26/.conda/envs/mamba-cfd/lib/python3.11/site-packages/torch/_dynamo/convert_frame.py", line 666, in compile_inner
[rank3]:     return _compile_inner(code, one_graph, hooks, transform)
[rank3]:   File "/projects/dsci435/NASA_REENTRY_SP26/.conda/envs/mamba-cfd/lib/python3.11/site-packages/torch/_utils_internal.py", line 87, in wrapper_function
[rank3]:     return function(*args, **kwargs)
[rank3]:   File "/projects/dsci435/NASA_REENTRY_SP26/.conda/envs/mamba-cfd/lib/python3.11/site-packages/torch/_dynamo/convert_frame.py", line 699, in _compile_inner
[rank3]:     out_code = transform_code_object(code, transform)
[rank3]:   File "/projects/dsci435/NASA_REENTRY_SP26/.conda/envs/mamba-cfd/lib/python3.11/site-packages/torch/_dynamo/bytecode_transformation.py", line 1322, in transform_code_object
[rank3]:     transformations(instructions, code_options)
[rank3]:   File "/projects/dsci435/NASA_REENTRY_SP26/.conda/envs/mamba-cfd/lib/python3.11/site-packages/torch/_dynamo/convert_frame.py", line 219, in _fn
[rank3]:     return fn(*args, **kwargs)
[rank3]:   File "/projects/dsci435/NASA_REENTRY_SP26/.conda/envs/mamba-cfd/lib/python3.11/site-packages/torch/_dynamo/convert_frame.py", line 634, in transform
[rank3]:     tracer.run()
[rank3]:   File "/projects/dsci435/NASA_REENTRY_SP26/.conda/envs/mamba-cfd/lib/python3.11/site-packages/torch/_dynamo/symbolic_convert.py", line 2796, in run
[rank3]:     super().run()
[rank3]:   File "/projects/dsci435/NASA_REENTRY_SP26/.conda/envs/mamba-cfd/lib/python3.11/site-packages/torch/_dynamo/symbolic_convert.py", line 983, in run
[rank3]:     while self.step():
[rank3]:   File "/projects/dsci435/NASA_REENTRY_SP26/.conda/envs/mamba-cfd/lib/python3.11/site-packages/torch/_dynamo/symbolic_convert.py", line 895, in step
[rank3]:     self.dispatch_table[inst.opcode](self, inst)
[rank3]:   File "/projects/dsci435/NASA_REENTRY_SP26/.conda/envs/mamba-cfd/lib/python3.11/site-packages/torch/_dynamo/symbolic_convert.py", line 2987, in RETURN_VALUE
[rank3]:     self._return(inst)
[rank3]:   File "/projects/dsci435/NASA_REENTRY_SP26/.conda/envs/mamba-cfd/lib/python3.11/site-packages/torch/_dynamo/symbolic_convert.py", line 2972, in _return
[rank3]:     self.output.compile_subgraph(
[rank3]:   File "/projects/dsci435/NASA_REENTRY_SP26/.conda/envs/mamba-cfd/lib/python3.11/site-packages/torch/_dynamo/output_graph.py", line 1142, in compile_subgraph
[rank3]:     self.compile_and_call_fx_graph(tx, pass2.graph_output_vars(), root)
[rank3]:   File "/projects/dsci435/NASA_REENTRY_SP26/.conda/envs/mamba-cfd/lib/python3.11/site-packages/torch/_dynamo/output_graph.py", line 1369, in compile_and_call_fx_graph
[rank3]:     compiled_fn = self.call_user_compiler(gm)
[rank3]:   File "/projects/dsci435/NASA_REENTRY_SP26/.conda/envs/mamba-cfd/lib/python3.11/site-packages/torch/_dynamo/output_graph.py", line 1416, in call_user_compiler
[rank3]:     return self._call_user_compiler(gm)
[rank3]:   File "/projects/dsci435/NASA_REENTRY_SP26/.conda/envs/mamba-cfd/lib/python3.11/site-packages/torch/_dynamo/output_graph.py", line 1465, in _call_user_compiler
[rank3]:     raise BackendCompilerFailed(self.compiler_fn, e) from e
[rank3]: torch._dynamo.exc.BackendCompilerFailed: backend='compile_fn' raised:
[rank3]: NotImplementedError: DDPOptimizer backend: Found a higher order op in the graph. This is not supported. Please turn off DDP optimizer using torch._dynamo.config.optimize_ddp=False. Note that this can cause performance degradation because there will be one bucket for the entire Dynamo graph. Please refer to this issue - https://github.com/pytorch/pytorch/issues/104674.

[rank3]: Set TORCH_LOGS="+dynamo" and TORCHDYNAMO_VERBOSE=1 for more information


[rank3]: You can suppress this exception and fall back to eager by setting:
[rank3]:     import torch._dynamo
[rank3]:     torch._dynamo.config.suppress_errors = True

[rank1]: Traceback (most recent call last):
[rank1]:   File "/projects/dsci435/NASA_REENTRY_SP26/.conda/envs/mamba-cfd/lib/python3.11/site-packages/torch/_dynamo/output_graph.py", line 1446, in _call_user_compiler
[rank1]:     compiled_fn = compiler_fn(gm, self.example_inputs())
[rank1]:   File "/projects/dsci435/NASA_REENTRY_SP26/.conda/envs/mamba-cfd/lib/python3.11/site-packages/torch/_dynamo/backends/distributed.py", line 424, in compile_fn
[rank1]:     raise NotImplementedError(
[rank1]: NotImplementedError: DDPOptimizer backend: Found a higher order op in the graph. This is not supported. Please turn off DDP optimizer using torch._dynamo.config.optimize_ddp=False. Note that this can cause performance degradation because there will be one bucket for the entire Dynamo graph. Please refer to this issue - https://github.com/pytorch/pytorch/issues/104674.

[rank1]: The above exception was the direct cause of the following exception:

[rank1]: Traceback (most recent call last):
[rank1]:   File "/projects/dsci435/NASA_REENTRY_SP26/D2k_RiceNots/train.py", line 433, in <module>
[rank1]:     main()
[rank1]:   File "/projects/dsci435/NASA_REENTRY_SP26/D2k_RiceNots/train.py", line 322, in main
[rank1]:     train_losses = train_epoch(
[rank1]:   File "/projects/dsci435/NASA_REENTRY_SP26/D2k_RiceNots/train.py", line 108, in train_epoch
[rank1]:     out = model(X_batch)
[rank1]:   File "/projects/dsci435/NASA_REENTRY_SP26/.conda/envs/mamba-cfd/lib/python3.11/site-packages/torch/nn/modules/module.py", line 1736, in _wrapped_call_impl
[rank1]:     return self._call_impl(*args, **kwargs)
[rank1]:   File "/projects/dsci435/NASA_REENTRY_SP26/.conda/envs/mamba-cfd/lib/python3.11/site-packages/torch/nn/modules/module.py", line 1747, in _call_impl
[rank1]:     return forward_call(*args, **kwargs)
[rank1]:   File "/projects/dsci435/NASA_REENTRY_SP26/.conda/envs/mamba-cfd/lib/python3.11/site-packages/torch/nn/parallel/distributed.py", line 1643, in forward
[rank1]:     else self._run_ddp_forward(*inputs, **kwargs)
[rank1]:   File "/projects/dsci435/NASA_REENTRY_SP26/.conda/envs/mamba-cfd/lib/python3.11/site-packages/torch/nn/parallel/distributed.py", line 1459, in _run_ddp_forward
[rank1]:     return self.module(*inputs, **kwargs)  # type: ignore[index]
[rank1]:   File "/projects/dsci435/NASA_REENTRY_SP26/.conda/envs/mamba-cfd/lib/python3.11/site-packages/torch/nn/modules/module.py", line 1736, in _wrapped_call_impl
[rank1]:     return self._call_impl(*args, **kwargs)
[rank1]:   File "/projects/dsci435/NASA_REENTRY_SP26/.conda/envs/mamba-cfd/lib/python3.11/site-packages/torch/nn/modules/module.py", line 1747, in _call_impl
[rank1]:     return forward_call(*args, **kwargs)
[rank1]:   File "/projects/dsci435/NASA_REENTRY_SP26/.conda/envs/mamba-cfd/lib/python3.11/site-packages/torch/_dynamo/eval_frame.py", line 465, in _fn
[rank1]:     return fn(*args, **kwargs)
[rank1]:   File "/projects/dsci435/NASA_REENTRY_SP26/.conda/envs/mamba-cfd/lib/python3.11/site-packages/torch/nn/modules/module.py", line 1736, in _wrapped_call_impl
[rank1]:     return self._call_impl(*args, **kwargs)
[rank1]:   File "/projects/dsci435/NASA_REENTRY_SP26/.conda/envs/mamba-cfd/lib/python3.11/site-packages/torch/nn/modules/module.py", line 1747, in _call_impl
[rank1]:     return forward_call(*args, **kwargs)
[rank1]:   File "/projects/dsci435/NASA_REENTRY_SP26/.conda/envs/mamba-cfd/lib/python3.11/site-packages/torch/_dynamo/convert_frame.py", line 1263, in __call__
[rank1]:     return hijacked_callback(
[rank1]:   File "/projects/dsci435/NASA_REENTRY_SP26/.conda/envs/mamba-cfd/lib/python3.11/site-packages/torch/_dynamo/convert_frame.py", line 1064, in __call__
[rank1]:     result = self._inner_convert(
[rank1]:   File "/projects/dsci435/NASA_REENTRY_SP26/.conda/envs/mamba-cfd/lib/python3.11/site-packages/torch/_dynamo/convert_frame.py", line 526, in __call__
[rank1]:     return _compile(
[rank1]:   File "/projects/dsci435/NASA_REENTRY_SP26/.conda/envs/mamba-cfd/lib/python3.11/site-packages/torch/_dynamo/convert_frame.py", line 924, in _compile
[rank1]:     guarded_code = compile_inner(code, one_graph, hooks, transform)
[rank1]:   File "/projects/dsci435/NASA_REENTRY_SP26/.conda/envs/mamba-cfd/lib/python3.11/site-packages/torch/_dynamo/convert_frame.py", line 666, in compile_inner
[rank1]:     return _compile_inner(code, one_graph, hooks, transform)
[rank1]:   File "/projects/dsci435/NASA_REENTRY_SP26/.conda/envs/mamba-cfd/lib/python3.11/site-packages/torch/_utils_internal.py", line 87, in wrapper_function
[rank1]:     return function(*args, **kwargs)
[rank1]:   File "/projects/dsci435/NASA_REENTRY_SP26/.conda/envs/mamba-cfd/lib/python3.11/site-packages/torch/_dynamo/convert_frame.py", line 699, in _compile_inner
[rank1]:     out_code = transform_code_object(code, transform)
[rank1]:   File "/projects/dsci435/NASA_REENTRY_SP26/.conda/envs/mamba-cfd/lib/python3.11/site-packages/torch/_dynamo/bytecode_transformation.py", line 1322, in transform_code_object
[rank1]:     transformations(instructions, code_options)
[rank1]:   File "/projects/dsci435/NASA_REENTRY_SP26/.conda/envs/mamba-cfd/lib/python3.11/site-packages/torch/_dynamo/convert_frame.py", line 219, in _fn
[rank1]:     return fn(*args, **kwargs)
[rank1]:   File "/projects/dsci435/NASA_REENTRY_SP26/.conda/envs/mamba-cfd/lib/python3.11/site-packages/torch/_dynamo/convert_frame.py", line 634, in transform
[rank1]:     tracer.run()
[rank1]:   File "/projects/dsci435/NASA_REENTRY_SP26/.conda/envs/mamba-cfd/lib/python3.11/site-packages/torch/_dynamo/symbolic_convert.py", line 2796, in run
[rank1]:     super().run()
[rank1]:   File "/projects/dsci435/NASA_REENTRY_SP26/.conda/envs/mamba-cfd/lib/python3.11/site-packages/torch/_dynamo/symbolic_convert.py", line 983, in run
[rank1]:     while self.step():
[rank1]:   File "/projects/dsci435/NASA_REENTRY_SP26/.conda/envs/mamba-cfd/lib/python3.11/site-packages/torch/_dynamo/symbolic_convert.py", line 895, in step
[rank1]:     self.dispatch_table[inst.opcode](self, inst)
[rank1]:   File "/projects/dsci435/NASA_REENTRY_SP26/.conda/envs/mamba-cfd/lib/python3.11/site-packages/torch/_dynamo/symbolic_convert.py", line 2987, in RETURN_VALUE
[rank1]:     self._return(inst)
[rank1]:   File "/projects/dsci435/NASA_REENTRY_SP26/.conda/envs/mamba-cfd/lib/python3.11/site-packages/torch/_dynamo/symbolic_convert.py", line 2972, in _return
[rank1]:     self.output.compile_subgraph(
[rank1]:   File "/projects/dsci435/NASA_REENTRY_SP26/.conda/envs/mamba-cfd/lib/python3.11/site-packages/torch/_dynamo/output_graph.py", line 1142, in compile_subgraph
[rank1]:     self.compile_and_call_fx_graph(tx, pass2.graph_output_vars(), root)
[rank1]:   File "/projects/dsci435/NASA_REENTRY_SP26/.conda/envs/mamba-cfd/lib/python3.11/site-packages/torch/_dynamo/output_graph.py", line 1369, in compile_and_call_fx_graph
[rank1]:     compiled_fn = self.call_user_compiler(gm)
[rank1]:   File "/projects/dsci435/NASA_REENTRY_SP26/.conda/envs/mamba-cfd/lib/python3.11/site-packages/torch/_dynamo/output_graph.py", line 1416, in call_user_compiler
[rank1]:     return self._call_user_compiler(gm)
[rank1]:   File "/projects/dsci435/NASA_REENTRY_SP26/.conda/envs/mamba-cfd/lib/python3.11/site-packages/torch/_dynamo/output_graph.py", line 1465, in _call_user_compiler
[rank1]:     raise BackendCompilerFailed(self.compiler_fn, e) from e
[rank1]: torch._dynamo.exc.BackendCompilerFailed: backend='compile_fn' raised:
[rank1]: NotImplementedError: DDPOptimizer backend: Found a higher order op in the graph. This is not supported. Please turn off DDP optimizer using torch._dynamo.config.optimize_ddp=False. Note that this can cause performance degradation because there will be one bucket for the entire Dynamo graph. Please refer to this issue - https://github.com/pytorch/pytorch/issues/104674.

[rank1]: Set TORCH_LOGS="+dynamo" and TORCHDYNAMO_VERBOSE=1 for more information


[rank1]: You can suppress this exception and fall back to eager by setting:
[rank1]:     import torch._dynamo
[rank1]:     torch._dynamo.config.suppress_errors = True

[rank0]: Traceback (most recent call last):
[rank0]:   File "/projects/dsci435/NASA_REENTRY_SP26/.conda/envs/mamba-cfd/lib/python3.11/site-packages/torch/_dynamo/output_graph.py", line 1446, in _call_user_compiler
[rank0]:     compiled_fn = compiler_fn(gm, self.example_inputs())
[rank0]:   File "/projects/dsci435/NASA_REENTRY_SP26/.conda/envs/mamba-cfd/lib/python3.11/site-packages/torch/_dynamo/backends/distributed.py", line 424, in compile_fn
[rank0]:     raise NotImplementedError(
[rank0]: NotImplementedError: DDPOptimizer backend: Found a higher order op in the graph. This is not supported. Please turn off DDP optimizer using torch._dynamo.config.optimize_ddp=False. Note that this can cause performance degradation because there will be one bucket for the entire Dynamo graph. Please refer to this issue - https://github.com/pytorch/pytorch/issues/104674.

[rank0]: The above exception was the direct cause of the following exception:

[rank0]: Traceback (most recent call last):
[rank0]:   File "/projects/dsci435/NASA_REENTRY_SP26/D2k_RiceNots/train.py", line 433, in <module>
[rank0]:     main()
[rank0]:   File "/projects/dsci435/NASA_REENTRY_SP26/D2k_RiceNots/train.py", line 322, in main
[rank0]:     train_losses = train_epoch(
[rank0]:   File "/projects/dsci435/NASA_REENTRY_SP26/D2k_RiceNots/train.py", line 108, in train_epoch
[rank0]:     out = model(X_batch)
[rank0]:   File "/projects/dsci435/NASA_REENTRY_SP26/.conda/envs/mamba-cfd/lib/python3.11/site-packages/torch/nn/modules/module.py", line 1736, in _wrapped_call_impl
[rank0]:     return self._call_impl(*args, **kwargs)
[rank0]:   File "/projects/dsci435/NASA_REENTRY_SP26/.conda/envs/mamba-cfd/lib/python3.11/site-packages/torch/nn/modules/module.py", line 1747, in _call_impl
[rank0]:     return forward_call(*args, **kwargs)
[rank0]:   File "/projects/dsci435/NASA_REENTRY_SP26/.conda/envs/mamba-cfd/lib/python3.11/site-packages/torch/nn/parallel/distributed.py", line 1643, in forward
[rank0]:     else self._run_ddp_forward(*inputs, **kwargs)
[rank0]:   File "/projects/dsci435/NASA_REENTRY_SP26/.conda/envs/mamba-cfd/lib/python3.11/site-packages/torch/nn/parallel/distributed.py", line 1459, in _run_ddp_forward
[rank0]:     return self.module(*inputs, **kwargs)  # type: ignore[index]
[rank0]:   File "/projects/dsci435/NASA_REENTRY_SP26/.conda/envs/mamba-cfd/lib/python3.11/site-packages/torch/nn/modules/module.py", line 1736, in _wrapped_call_impl
[rank0]:     return self._call_impl(*args, **kwargs)
[rank0]:   File "/projects/dsci435/NASA_REENTRY_SP26/.conda/envs/mamba-cfd/lib/python3.11/site-packages/torch/nn/modules/module.py", line 1747, in _call_impl
[rank0]:     return forward_call(*args, **kwargs)
[rank0]:   File "/projects/dsci435/NASA_REENTRY_SP26/.conda/envs/mamba-cfd/lib/python3.11/site-packages/torch/_dynamo/eval_frame.py", line 465, in _fn
[rank0]:     return fn(*args, **kwargs)
[rank0]:   File "/projects/dsci435/NASA_REENTRY_SP26/.conda/envs/mamba-cfd/lib/python3.11/site-packages/torch/nn/modules/module.py", line 1736, in _wrapped_call_impl
[rank0]:     return self._call_impl(*args, **kwargs)
[rank0]:   File "/projects/dsci435/NASA_REENTRY_SP26/.conda/envs/mamba-cfd/lib/python3.11/site-packages/torch/nn/modules/module.py", line 1747, in _call_impl
[rank0]:     return forward_call(*args, **kwargs)
[rank0]:   File "/projects/dsci435/NASA_REENTRY_SP26/.conda/envs/mamba-cfd/lib/python3.11/site-packages/torch/_dynamo/convert_frame.py", line 1263, in __call__
[rank0]:     return hijacked_callback(
[rank0]:   File "/projects/dsci435/NASA_REENTRY_SP26/.conda/envs/mamba-cfd/lib/python3.11/site-packages/torch/_dynamo/convert_frame.py", line 1064, in __call__
[rank0]:     result = self._inner_convert(
[rank0]:   File "/projects/dsci435/NASA_REENTRY_SP26/.conda/envs/mamba-cfd/lib/python3.11/site-packages/torch/_dynamo/convert_frame.py", line 526, in __call__
[rank0]:     return _compile(
[rank0]:   File "/projects/dsci435/NASA_REENTRY_SP26/.conda/envs/mamba-cfd/lib/python3.11/site-packages/torch/_dynamo/convert_frame.py", line 924, in _compile
[rank0]:     guarded_code = compile_inner(code, one_graph, hooks, transform)
[rank0]:   File "/projects/dsci435/NASA_REENTRY_SP26/.conda/envs/mamba-cfd/lib/python3.11/site-packages/torch/_dynamo/convert_frame.py", line 666, in compile_inner
[rank0]:     return _compile_inner(code, one_graph, hooks, transform)
[rank0]:   File "/projects/dsci435/NASA_REENTRY_SP26/.conda/envs/mamba-cfd/lib/python3.11/site-packages/torch/_utils_internal.py", line 87, in wrapper_function
[rank0]:     return function(*args, **kwargs)
[rank0]:   File "/projects/dsci435/NASA_REENTRY_SP26/.conda/envs/mamba-cfd/lib/python3.11/site-packages/torch/_dynamo/convert_frame.py", line 699, in _compile_inner
[rank0]:     out_code = transform_code_object(code, transform)
[rank0]:   File "/projects/dsci435/NASA_REENTRY_SP26/.conda/envs/mamba-cfd/lib/python3.11/site-packages/torch/_dynamo/bytecode_transformation.py", line 1322, in transform_code_object
[rank0]:     transformations(instructions, code_options)
[rank0]:   File "/projects/dsci435/NASA_REENTRY_SP26/.conda/envs/mamba-cfd/lib/python3.11/site-packages/torch/_dynamo/convert_frame.py", line 219, in _fn
[rank0]:     return fn(*args, **kwargs)
[rank0]:   File "/projects/dsci435/NASA_REENTRY_SP26/.conda/envs/mamba-cfd/lib/python3.11/site-packages/torch/_dynamo/convert_frame.py", line 634, in transform
[rank0]:     tracer.run()
[rank0]:   File "/projects/dsci435/NASA_REENTRY_SP26/.conda/envs/mamba-cfd/lib/python3.11/site-packages/torch/_dynamo/symbolic_convert.py", line 2796, in run
[rank0]:     super().run()
[rank0]:   File "/projects/dsci435/NASA_REENTRY_SP26/.conda/envs/mamba-cfd/lib/python3.11/site-packages/torch/_dynamo/symbolic_convert.py", line 983, in run
[rank0]:     while self.step():
[rank0]:   File "/projects/dsci435/NASA_REENTRY_SP26/.conda/envs/mamba-cfd/lib/python3.11/site-packages/torch/_dynamo/symbolic_convert.py", line 895, in step
[rank0]:     self.dispatch_table[inst.opcode](self, inst)
[rank0]:   File "/projects/dsci435/NASA_REENTRY_SP26/.conda/envs/mamba-cfd/lib/python3.11/site-packages/torch/_dynamo/symbolic_convert.py", line 2987, in RETURN_VALUE
[rank0]:     self._return(inst)
[rank0]:   File "/projects/dsci435/NASA_REENTRY_SP26/.conda/envs/mamba-cfd/lib/python3.11/site-packages/torch/_dynamo/symbolic_convert.py", line 2972, in _return
[rank0]:     self.output.compile_subgraph(
[rank0]:   File "/projects/dsci435/NASA_REENTRY_SP26/.conda/envs/mamba-cfd/lib/python3.11/site-packages/torch/_dynamo/output_graph.py", line 1142, in compile_subgraph
[rank0]:     self.compile_and_call_fx_graph(tx, pass2.graph_output_vars(), root)
[rank0]:   File "/projects/dsci435/NASA_REENTRY_SP26/.conda/envs/mamba-cfd/lib/python3.11/site-packages/torch/_dynamo/output_graph.py", line 1369, in compile_and_call_fx_graph
[rank0]:     compiled_fn = self.call_user_compiler(gm)
[rank0]:   File "/projects/dsci435/NASA_REENTRY_SP26/.conda/envs/mamba-cfd/lib/python3.11/site-packages/torch/_dynamo/output_graph.py", line 1416, in call_user_compiler
[rank0]:     return self._call_user_compiler(gm)
[rank0]:   File "/projects/dsci435/NASA_REENTRY_SP26/.conda/envs/mamba-cfd/lib/python3.11/site-packages/torch/_dynamo/output_graph.py", line 1465, in _call_user_compiler
[rank0]:     raise BackendCompilerFailed(self.compiler_fn, e) from e
[rank0]: torch._dynamo.exc.BackendCompilerFailed: backend='compile_fn' raised:
[rank0]: NotImplementedError: DDPOptimizer backend: Found a higher order op in the graph. This is not supported. Please turn off DDP optimizer using torch._dynamo.config.optimize_ddp=False. Note that this can cause performance degradation because there will be one bucket for the entire Dynamo graph. Please refer to this issue - https://github.com/pytorch/pytorch/issues/104674.

[rank0]: Set TORCH_LOGS="+dynamo" and TORCHDYNAMO_VERBOSE=1 for more information


[rank0]: You can suppress this exception and fall back to eager by setting:
[rank0]:     import torch._dynamo
[rank0]:     torch._dynamo.config.suppress_errors = True

[rank0]:[W313 12:07:54.961342358 ProcessGroupNCCL.cpp:1250] Warning: WARNING: process group has NOT been destroyed before we destruct ProcessGroupNCCL. On normal program exit, the application should call destroy_process_group to ensure that any pending NCCL operations have finished in this process. In rare cases this process can exit before this point and block the progress of another member of the process group. This constraint has always been present,  but this warning has only been added since PyTorch 2.4 (function operator())
W0313 12:07:55.070000 1539459 torch/distributed/elastic/multiprocessing/api.py:897] Sending process 1542037 closing signal SIGTERM
W0313 12:07:55.071000 1539459 torch/distributed/elastic/multiprocessing/api.py:897] Sending process 1542039 closing signal SIGTERM
E0313 12:07:55.185000 1539459 torch/distributed/elastic/multiprocessing/api.py:869] failed (exitcode: 1) local_rank: 1 (pid: 1542038) of binary: /opt/apps/software/Miniforge3/24.1.2-0/bin/python
Traceback (most recent call last):
  File "/home/kzz1/.local/bin/torchrun", line 8, in <module>
    sys.exit(main())
  File "/projects/dsci435/NASA_REENTRY_SP26/.conda/envs/mamba-cfd/lib/python3.11/site-packages/torch/distributed/elastic/multiprocessing/errors/__init__.py", line 355, in wrapper
    return f(*args, **kwargs)
  File "/projects/dsci435/NASA_REENTRY_SP26/.conda/envs/mamba-cfd/lib/python3.11/site-packages/torch/distributed/run.py", line 919, in main
    run(args)
  File "/projects/dsci435/NASA_REENTRY_SP26/.conda/envs/mamba-cfd/lib/python3.11/site-packages/torch/distributed/run.py", line 910, in run
    elastic_launch(
  File "/projects/dsci435/NASA_REENTRY_SP26/.conda/envs/mamba-cfd/lib/python3.11/site-packages/torch/distributed/launcher/api.py", line 138, in __call__
    return launch_agent(self._config, self._entrypoint, list(args))
  File "/projects/dsci435/NASA_REENTRY_SP26/.conda/envs/mamba-cfd/lib/python3.11/site-packages/torch/distributed/launcher/api.py", line 269, in launch_agent
    raise ChildFailedError(
torch.distributed.elastic.multiprocessing.errors.ChildFailedError: 
============================================================
train.py FAILED
------------------------------------------------------------
Failures:
[1]:
  time      : 2026-03-13_12:07:55
  host      : bb7u11g1.nots.rice.edu
  rank      : 3 (local_rank: 3)
  exitcode  : 1 (pid: 1542042)
  error_file: <N/A>
  traceback : To enable traceback see: https://pytorch.org/docs/stable/elastic/errors.html
------------------------------------------------------------
Root Cause (first observed failure):
[0]:
  time      : 2026-03-13_12:07:55
  host      : bb7u11g1.nots.rice.edu
  rank      : 1 (local_rank: 1)
  exitcode  : 1 (pid: 1542038)
  error_file: <N/A>
  traceback : To enable traceback see: https://pytorch.org/docs/stable/elastic/errors.html
============================================================
