============================================
Job ID: 7156827  [QW ONLY]
Node:   bb7u11g1
GPUs:   0,1,2,3
Date:   Thu Mar 12 10:58:40 PM CDT 2026
============================================

Starting training (QW ONLY) with  GPUs...

============================================================
  Mamba Autoencoder CFD — DDP
============================================================
  Device: cuda:0
  GPU: NVIDIA L40S
  VRAM: 47.6 GB
  World size: 4
  Block type: mamba3
  seq_len: 8192, partitions: 8
  d_model: 64, d_state: 64, n_layers: 4
  Targets: ['qw']
  Target weights: {'qw': 3.0}
  Batch size: 4 (per GPU: 1)
  Epochs: 300, LR: 0.001

Loading data...
Raw dataset shape: (9282560, 15)
Detected solutions: 185
Split counts:
split
train    7426048
test      953344
val       903168
Name: count, dtype: int64
After cleaning: 9,106,059 rows, 185 solutions
Building partitioned datasets...
Train partitions: (1184, 8192, 7)
Val partitions:   (144, 8192, 7)
Test partitions:  (152, 8192, 7)
Partitions per solution: 8
Raw dataset shape: (9282560, 15)
Detected solutions: 185
Split counts:
split
train    7426048
test      953344
val       903168
Name: count, dtype: int64
After cleaning: 9,106,059 rows, 185 solutions
Building partitioned datasets...
Train partitions: (1184, 8192, 7)
Val partitions:   (144, 8192, 7)
Test partitions:  (152, 8192, 7)
Partitions per solution: 8
Model: 226,844 trainable parameters
Prediction heads: ['qw']
torch.compile applied

  Ep |     Train |       Val |    qw MSE |    pw MSE |    tw MSE |        LR
--------------------------------------------------------------------------------
   1 |    0.4344 |    0.1029 |    0.0295 |    0.0000 |    0.0000 |  1.00e-03 *  (155.5s)
   2 |    0.0823 |    0.1033 |    0.0324 |    0.0000 |    0.0000 |  1.00e-03  (97.4s)
   3 |    0.0564 |    0.0937 |    0.0299 |    0.0000 |    0.0000 |  1.00e-03 *  (96.7s)
   4 |    0.0408 |    0.0259 |    0.0075 |    0.0000 |    0.0000 |  1.00e-03 *  (96.6s)
   5 |    0.0412 |    0.1506 |    0.0491 |    0.0000 |    0.0000 |  1.00e-03  (96.7s)
   7 |    0.0241 |    0.0219 |    0.0066 |    0.0000 |    0.0000 |  1.00e-03 *  (96.6s)

============================================
Job completed: Thu Mar 12 11:14:43 PM CDT 2026
============================================
