============================================
Job ID: 7443141
Node:   bb6u11g1
GPUs:   0,1,2,3
Date:   Sat Mar 14 04:45:33 PM CDT 2026
============================================

Starting training with  GPUs...

============================================================
  Mamba Autoencoder CFD — DDP
============================================================
  Device: cuda:0
  GPU: NVIDIA L40S
  VRAM: 47.6 GB
  World size: 4
  Block type: mamba3
  seq_len: 8192, partitions: 8
  d_model: 64, d_state: 64, n_layers: 4
  Targets: ['qw', 'pw', 'tw', 'me', 'theta']
  Target weights: {'qw': 3.0, 'pw': 1.0, 'tw': 1.0, 'me': 1.0, 'theta': 1.0}
  Batch size: 4 (per GPU: 1)
  Epochs: 300, LR: 0.001

Loading data...
Raw dataset shape: (9282560, 15)
Detected solutions: 185
Split counts:
split
train    7426048
test      953344
val       903168
Name: count, dtype: int64
After cleaning: 9,106,059 rows, 185 solutions
Building partitioned datasets...
Train partitions: (1184, 8192, 7)
Val partitions:   (144, 8192, 7)
Test partitions:  (152, 8192, 7)
Partitions per solution: 8
Raw dataset shape: (9282560, 15)
Detected solutions: 185
Split counts:
split
train    7426048
test      953344
val       903168
Name: count, dtype: int64
After cleaning: 9,106,059 rows, 185 solutions
Building partitioned datasets...
Train partitions: (1184, 8192, 7)
Val partitions:   (144, 8192, 7)
Test partitions:  (152, 8192, 7)
Partitions per solution: 8
Model: 244,256 trainable parameters
Prediction heads: ['qw', 'pw', 'tw', 'me', 'theta']

  Ep |     Train |       Val |    qw MSE |    pw MSE |    tw MSE |        LR
--------------------------------------------------------------------------------
   1 |    0.9106 |    0.2358 |    0.0276 |    0.0305 |    0.0371 |  1.00e-03 *  (480.7s)
   2 |    0.2234 |    0.1476 |    0.0134 |    0.0132 |    0.0279 |  1.00e-03 *  (476.0s)
   3 |    0.1474 |    0.1343 |    0.0124 |    0.0136 |    0.0227 |  1.00e-03 *  (476.0s)
   4 |    0.1270 |    0.1000 |    0.0119 |    0.0121 |    0.0147 |  1.00e-03 *  (476.0s)
   5 |    0.1086 |    0.3015 |    0.0537 |    0.0198 |    0.0333 |  1.00e-03  (476.0s)
  10 |    0.5033 |    0.8735 |    0.1090 |    0.1286 |    0.1561 |  1.00e-03  (476.0s)
  20 |    1.6871 |    2.7767 |    0.4499 |    0.4359 |    0.3558 |  5.00e-04  (476.0s)

Early stopping at epoch 29

Training complete in 230.2 minutes. Best val loss: 0.1000

============================================================
  EVALUATION ON TEST SET
============================================================

============================================================
  Heat Flux qw (W/m²) — MAMBA3 RESULTS
============================================================
  MAE:          68,021
  RMSE:         117,607
  Within ±1%:   6.0%
  Within ±3%:   16.6%
  Within ±5%:   25.5%
  Within ±10%:  46.8%
  Median error:  10.65%
  95th %%ile:    29.5%

============================================================
  Pressure pw (Pa) — MAMBA3 RESULTS
============================================================
  MAE:          2,188
  RMSE:         3,585
  Within ±1%:   3.1%
  Within ±3%:   8.5%
  Within ±5%:   14.4%
  Within ±10%:  30.3%
  Median error:  16.70%
  95th %%ile:    44.6%

============================================================
  Shear Stress τw (Pa) — MAMBA3 RESULTS
============================================================
  MAE:          5
  RMSE:         10
  Within ±1%:   8.8%
  Within ±3%:   25.3%
  Within ±5%:   40.5%
  Within ±10%:  65.3%
  Median error:  6.48%
  95th %%ile:    33.0%

============================================================
  Edge Mach Me (-) — MAMBA3 RESULTS
============================================================
  MAE:          0
  RMSE:         0
  Within ±1%:   15.2%
  Within ±3%:   44.2%
  Within ±5%:   63.3%
  Within ±10%:  87.9%
  Median error:  3.51%
  95th %%ile:    16.0%

============================================================
  Momentum Thickness θ (m) — MAMBA3 RESULTS
============================================================
  MAE:          0
  RMSE:         0
  Within ±1%:   4.7%
  Within ±3%:   14.7%
  Within ±5%:   26.5%
  Within ±10%:  50.6%
  Median error:  9.86%
  95th %%ile:    33.5%
Saved training curves to results/run_7443141/training_curves.png
Saved evaluation plots to results/run_7443141/evaluation_plots.png

Results saved to results/run_7443141/

============================================
Job completed: Sat Mar 14 08:47:16 PM CDT 2026
============================================

=== RESULTS SUMMARY ===
no_physics: False
qw_only: False
block_type: mamba3
seq_len: 8192
n_partitions: 8
d_model: 64
d_state: 64
n_layers: 4
latent_dim: 16
targets: ['qw', 'pw', 'tw', 'me', 'theta']
target_weights: {'qw': 3.0, 'pw': 1.0, 'tw': 1.0, 'me': 1.0, 'theta': 1.0}
batch_size: 4
epochs_run: 29
best_val_loss: 0.100007
training_time_min: 230.2
world_size: 4

qw:
  MAE: 68,021
  RMSE: 117,607
  pct_1: 6.0%
  pct_5: 25.5%
  pct_10: 46.8%
  median_err: 10.65%
  q95_err: 29.5%

pw:
  MAE: 2,188
  RMSE: 3,585
  pct_1: 3.1%
  pct_5: 14.4%
  pct_10: 30.3%
  median_err: 16.70%
  q95_err: 44.6%

tw:
  MAE: 5
  RMSE: 10
  pct_1: 8.8%
  pct_5: 40.5%
  pct_10: 65.3%
  median_err: 6.48%
  q95_err: 33.0%

me:
  MAE: 0
  RMSE: 0
  pct_1: 15.2%
  pct_5: 63.3%
  pct_10: 87.9%
  median_err: 3.51%
  q95_err: 16.0%

theta:
  MAE: 0
  RMSE: 0
  pct_1: 4.7%
  pct_5: 26.5%
  pct_10: 50.6%
  median_err: 9.86%
  q95_err: 33.5%

Results in: results/run_7443141
