============================================
Job ID: 7691001  [50/25/25 SPLIT]
Node:   bb6u11g1
GPUs:   0,1,2,3
Date:   Wed Mar 18 08:18:28 PM CDT 2026
============================================

Starting training (50/25/25 split) with 4 GPUs...

============================================================
  Mamba Autoencoder CFD — DDP
============================================================
  Device: cuda:0
  GPU: NVIDIA L40S
  VRAM: 47.6 GB
  World size: 4
  Block type: mamba3
  seq_len: 8192, partitions: 8
  d_model: 64, d_state: 64, n_layers: 4
  Targets: ['qw', 'pw', 'tw', 'me', 'theta']
  Target weights: {'qw': 3.0, 'pw': 1.0, 'tw': 1.0, 'me': 1.0, 'theta': 1.0}
  Batch size: 4 (per GPU: 1)
  Epochs: 300, LR: 0.001

Loading data...
Raw dataset shape: (9282560, 15)
Detected solutions: 185
Split counts:
split
train    4616192
test     2358272
val      2308096
Name: count, dtype: int64
After cleaning: 9,106,059 rows, 185 solutions
Building partitioned datasets...
Train partitions: (736, 8192, 7)
Val partitions:   (368, 8192, 7)
Test partitions:  (376, 8192, 7)
Partitions per solution: 8
Raw dataset shape: (9282560, 15)
Detected solutions: 185
Split counts:
split
train    4616192
test     2358272
val      2308096
Name: count, dtype: int64
After cleaning: 9,106,059 rows, 185 solutions
Building partitioned datasets...
Train partitions: (736, 8192, 7)
Val partitions:   (368, 8192, 7)
Test partitions:  (376, 8192, 7)
Partitions per solution: 8
Model: 244,256 trainable parameters
Prediction heads: ['qw', 'pw', 'tw', 'me', 'theta']

  Ep |     Train |       Val |    qw MSE |    pw MSE |    tw MSE |        LR
--------------------------------------------------------------------------------
   1 |    2.0525 |    0.9523 |    0.1712 |    0.2611 |    0.2090 |  2.00e-04 *  (321.5s)
   2 |    0.7192 |    0.4946 |    0.0788 |    0.0807 |    0.1345 |  4.00e-04 *  (320.4s)
   3 |    0.3642 |    0.3252 |    0.0503 |    0.0613 |    0.0723 |  6.00e-04 *  (320.6s)
   4 |    0.3410 |    0.3259 |    0.0462 |    0.0509 |    0.0778 |  8.00e-04  (320.6s)
   5 |    0.2868 |    0.2149 |    0.0372 |    0.0330 |    0.0546 |  1.00e-03 *  (320.5s)
   6 |    0.2799 |    0.1821 |    0.0376 |    0.0503 |    0.0835 |  1.00e-03 *  (320.6s)
   7 |    0.2026 |    0.1311 |    0.0181 |    0.0287 |    0.0410 |  1.00e-03 *  (320.4s)
   8 |    0.1317 |    0.0879 |    0.0134 |    0.0116 |    0.0166 |  1.00e-03 *  (320.8s)
  10 |    0.1162 |    0.1000 |    0.0190 |    0.0176 |    0.0240 |  1.00e-03  (320.6s)
  12 |    0.0842 |    0.0776 |    0.0105 |    0.0122 |    0.0172 |  1.00e-03 *  (320.5s)
  13 |    0.0823 |    0.0664 |    0.0079 |    0.0103 |    0.0156 |  1.00e-03 *  (320.4s)
  16 |    0.0880 |    0.0661 |    0.0067 |    0.0108 |    0.0152 |  1.00e-03 *  (320.6s)
  17 |    0.0676 |    0.0596 |    0.0071 |    0.0089 |    0.0147 |  1.00e-03 *  (320.6s)
  19 |    0.0604 |    0.0561 |    0.0081 |    0.0084 |    0.0115 |  1.00e-03 *  (320.6s)
  20 |    0.0457 |    0.0687 |    0.0107 |    0.0100 |    0.0151 |  1.00e-03  (320.6s)
  23 |    0.0568 |    0.0553 |    0.0069 |    0.0074 |    0.0135 |  1.00e-03 *  (320.6s)
  29 |    0.0386 |    0.0397 |    0.0052 |    0.0056 |    0.0074 |  1.00e-03 *  (320.5s)
  30 |    0.0413 |    0.0632 |    0.0080 |    0.0142 |    0.0164 |  1.00e-03  (320.5s)
  31 |    0.0432 |    0.0336 |    0.0037 |    0.0051 |    0.0064 |  1.00e-03 *  (320.6s)
  39 |    0.0336 |    0.0281 |    0.0044 |    0.0047 |    0.0071 |  1.00e-03 *  (320.5s)
  40 |    0.0338 |    0.0411 |    0.0057 |    0.0047 |    0.0104 |  1.00e-03  (320.5s)
  47 |    0.0312 |    0.0247 |    0.0030 |    0.0031 |    0.0039 |  1.00e-03 *  (320.6s)
  49 |    0.0226 |    0.0240 |    0.0027 |    0.0025 |    0.0040 |  1.00e-03 *  (320.6s)
  50 |    0.0305 |    0.0377 |    0.0042 |    0.0042 |    0.0068 |  1.00e-03  (320.5s)
  57 |    0.0202 |    0.0196 |    0.0033 |    0.0028 |    0.0035 |  1.00e-03 *  (320.5s)
  60 |    0.0208 |    0.0197 |    0.0022 |    0.0025 |    0.0034 |  1.00e-03  (320.5s)
  69 |    0.0162 |    0.0146 |    0.0016 |    0.0018 |    0.0022 |  5.00e-04 *  (320.8s)
  70 |    0.0085 |    0.0103 |    0.0013 |    0.0012 |    0.0018 |  5.00e-04 *  (320.4s)
  80 |    0.0073 |    0.0106 |    0.0011 |    0.0011 |    0.0015 |  5.00e-04  (320.4s)
  82 |    0.0065 |    0.0078 |    0.0009 |    0.0008 |    0.0011 |  2.50e-04 *  (320.6s)
  89 |    0.0044 |    0.0072 |    0.0009 |    0.0009 |    0.0012 |  2.50e-04 *  (320.5s)
  90 |    0.0048 |    0.0071 |    0.0008 |    0.0007 |    0.0010 |  2.50e-04 *  (320.6s)
  97 |    0.0045 |    0.0068 |    0.0008 |    0.0009 |    0.0012 |  2.50e-04 *  (320.5s)
  98 |    0.0050 |    0.0065 |    0.0008 |    0.0008 |    0.0010 |  2.50e-04 *  (320.8s)
 100 |    0.0048 |    0.0093 |    0.0012 |    0.0012 |    0.0016 |  2.50e-04  (320.9s)
 110 |    0.0033 |    0.0062 |    0.0008 |    0.0007 |    0.0011 |  1.25e-04 *  (320.7s)
 111 |    0.0035 |    0.0058 |    0.0007 |    0.0007 |    0.0010 |  1.25e-04 *  (320.6s)
 114 |    0.0038 |    0.0055 |    0.0006 |    0.0005 |    0.0008 |  1.25e-04 *  (320.8s)
 120 |    0.0034 |    0.0060 |    0.0008 |    0.0007 |    0.0010 |  1.25e-04  (320.5s)
 127 |    0.0025 |    0.0055 |    0.0007 |    0.0006 |    0.0009 |  6.25e-05 *  (320.6s)
 128 |    0.0027 |    0.0052 |    0.0006 |    0.0005 |    0.0009 |  6.25e-05 *  (320.7s)
 130 |    0.0028 |    0.0052 |    0.0006 |    0.0005 |    0.0008 |  6.25e-05 *  (320.8s)
 140 |    0.0025 |    0.0052 |    0.0006 |    0.0005 |    0.0008 |  6.25e-05  (320.8s)
 142 |    0.0026 |    0.0049 |    0.0006 |    0.0005 |    0.0008 |  3.13e-05 *  (320.5s)
 150 |    0.0019 |    0.0051 |    0.0006 |    0.0005 |    0.0008 |  3.13e-05  (320.5s)
 153 |    0.0020 |    0.0049 |    0.0006 |    0.0005 |    0.0008 |  3.13e-05 *  (320.4s)
 157 |    0.0024 |    0.0048 |    0.0006 |    0.0005 |    0.0008 |  3.13e-05 *  (320.8s)
 160 |    0.0025 |    0.0051 |    0.0006 |    0.0005 |    0.0009 |  3.13e-05  (320.8s)
 163 |    0.0027 |    0.0048 |    0.0005 |    0.0005 |    0.0007 |  3.13e-05 *  (320.7s)
 170 |    0.0024 |    0.0051 |    0.0006 |    0.0005 |    0.0008 |  3.13e-05  (320.7s)
 176 |    0.0022 |    0.0047 |    0.0005 |    0.0005 |    0.0008 |  1.56e-05 *  (320.6s)
 180 |    0.0025 |    0.0048 |    0.0005 |    0.0005 |    0.0008 |  1.56e-05  (321.4s)
 183 |    0.0020 |    0.0047 |    0.0005 |    0.0005 |    0.0007 |  1.56e-05 *  (321.5s)
 190 |    0.0019 |    0.0047 |    0.0005 |    0.0005 |    0.0008 |  7.81e-06  (320.1s)
 191 |    0.0020 |    0.0047 |    0.0005 |    0.0005 |    0.0008 |  7.81e-06 *  (319.5s)
 193 |    0.0017 |    0.0047 |    0.0005 |    0.0005 |    0.0008 |  7.81e-06 *  (319.9s)
 196 |    0.0023 |    0.0047 |    0.0005 |    0.0005 |    0.0008 |  7.81e-06 *  (320.2s)
 198 |    0.0018 |    0.0046 |    0.0005 |    0.0005 |    0.0007 |  7.81e-06 *  (320.2s)
 200 |    0.0027 |    0.0047 |    0.0005 |    0.0005 |    0.0008 |  7.81e-06  (320.1s)
 204 |    0.0017 |    0.0046 |    0.0005 |    0.0005 |    0.0008 |  7.81e-06 *  (319.6s)
 210 |    0.0025 |    0.0046 |    0.0005 |    0.0005 |    0.0008 |  7.81e-06  (320.1s)
 218 |    0.0022 |    0.0046 |    0.0005 |    0.0005 |    0.0007 |  3.91e-06 *  (319.9s)
 219 |    0.0018 |    0.0046 |    0.0005 |    0.0005 |    0.0007 |  3.91e-06 *  (319.7s)
 220 |    0.0020 |    0.0046 |    0.0005 |    0.0005 |    0.0007 |  3.91e-06  (320.1s)
 221 |    0.0024 |    0.0046 |    0.0005 |    0.0005 |    0.0007 |  3.91e-06 *  (319.9s)
 222 |    0.0020 |    0.0046 |    0.0005 |    0.0005 |    0.0007 |  3.91e-06 *  (319.7s)
 227 |    0.0023 |    0.0046 |    0.0005 |    0.0005 |    0.0007 |  3.91e-06 *  (320.3s)
 229 |    0.0022 |    0.0046 |    0.0005 |    0.0005 |    0.0007 |  3.91e-06 *  (320.4s)
 230 |    0.0019 |    0.0046 |    0.0005 |    0.0004 |    0.0007 |  3.91e-06 *  (320.3s)
 233 |    0.0020 |    0.0046 |    0.0005 |    0.0005 |    0.0007 |  3.91e-06 *  (320.3s)
 240 |    0.0020 |    0.0046 |    0.0005 |    0.0005 |    0.0007 |  3.91e-06  (320.3s)
 250 |    0.0021 |    0.0046 |    0.0005 |    0.0005 |    0.0007 |  1.95e-06  (320.2s)

Early stopping at epoch 258

Training complete in 1378.8 minutes. Best val loss: 0.0046

============================================================
  EVALUATION ON TEST SET
============================================================

============================================================
  Heat Flux qw (W/m²) — MAMBA3 RESULTS
============================================================
  MAE:          8,977
  RMSE:         21,636
  Within ±1%:   50.5%
  Within ±3%:   85.6%
  Within ±5%:   94.5%
  Within ±10%:  99.2%
  Median error:  0.99%
  95th %%ile:    5.2%

============================================================
  Pressure pw (Pa) — MAMBA3 RESULTS
============================================================
  MAE:          210
  RMSE:         520
  Within ±1%:   43.7%
  Within ±3%:   82.2%
  Within ±5%:   92.5%
  Within ±10%:  98.7%
  Median error:  1.18%
  95th %%ile:    5.9%

============================================================
  Shear Stress τw (Pa) — MAMBA3 RESULTS
============================================================
  MAE:          1
  RMSE:         2
  Within ±1%:   48.9%
  Within ±3%:   88.7%
  Within ±5%:   96.0%
  Within ±10%:  99.2%
  Median error:  1.03%
  95th %%ile:    4.5%

============================================================
  Edge Mach Me (-) — MAMBA3 RESULTS
============================================================
  MAE:          0
  RMSE:         0
  Within ±1%:   68.0%
  Within ±3%:   96.8%
  Within ±5%:   99.2%
  Within ±10%:  99.9%
  Median error:  0.63%
  95th %%ile:    2.6%

============================================================
  Momentum Thickness θ (m) — MAMBA3 RESULTS
============================================================
  MAE:          0
  RMSE:         0
  Within ±1%:   39.6%
  Within ±3%:   84.0%
  Within ±5%:   94.2%
  Within ±10%:  98.4%
  Median error:  1.31%
  95th %%ile:    5.4%
Saved training curves to results/run_7691001/training_curves.png
Saved evaluation plots to results/run_7691001/evaluation_plots.png

Results saved to results/run_7691001/

============================================
Job completed: Thu Mar 19 07:20:50 PM CDT 2026
============================================

=== RESULTS SUMMARY ===
no_physics: False
qw_only: False
block_type: mamba3
seq_len: 8192
n_partitions: 8
d_model: 64
d_state: 64
n_layers: 4
latent_dim: 16
targets: ['qw', 'pw', 'tw', 'me', 'theta']
target_weights: {'qw': 3.0, 'pw': 1.0, 'tw': 1.0, 'me': 1.0, 'theta': 1.0}
batch_size: 4
epochs_run: 258
best_val_loss: 0.004551
training_time_min: 1378.8
world_size: 4

qw:
  MAE: 8,977
  RMSE: 21,636
  pct_1: 50.5%
  pct_5: 94.5%
  pct_10: 99.2%
  median_err: 0.99%
  q95_err: 5.2%

pw:
  MAE: 210
  RMSE: 520
  pct_1: 43.7%
  pct_5: 92.5%
  pct_10: 98.7%
  median_err: 1.18%
  q95_err: 5.9%

tw:
  MAE: 1
  RMSE: 2
  pct_1: 48.9%
  pct_5: 96.0%
  pct_10: 99.2%
  median_err: 1.03%
  q95_err: 4.5%

me:
  MAE: 0
  RMSE: 0
  pct_1: 68.0%
  pct_5: 99.2%
  pct_10: 99.9%
  median_err: 0.63%
  q95_err: 2.6%

theta:
  MAE: 0
  RMSE: 0
  pct_1: 39.6%
  pct_5: 94.2%
  pct_10: 98.4%
  median_err: 1.31%
  q95_err: 5.4%

Results in: results/run_7691001
