============================================
Job ID: 7155405
Node:   bb6u21g1
GPUs:   0,1,2,3
Date:   Thu Mar 12 10:10:09 PM CDT 2026
============================================

Starting training with  GPUs...

============================================================
  Mamba Autoencoder CFD — DDP
============================================================
  Device: cuda:0
  GPU: NVIDIA L40S
  VRAM: 47.6 GB
  World size: 4
  Block type: mamba3
  seq_len: 8192, partitions: 8
  d_model: 64, d_state: 64, n_layers: 4
  Targets: ['qw', 'pw', 'tw', 'me', 'theta']
  Target weights: {'qw': 3.0, 'pw': 1.0, 'tw': 1.0, 'me': 1.0, 'theta': 1.0}
  Batch size: 4 (per GPU: 1)
  Epochs: 300, LR: 0.001

Loading data...
Raw dataset shape: (9282560, 15)
Detected solutions: 185
Split counts:
split
train    7426048
test      953344
val       903168
Name: count, dtype: int64
After cleaning: 9,106,059 rows, 185 solutions
Building partitioned datasets...
Train partitions: (1184, 8192, 7)
Val partitions:   (144, 8192, 7)
Test partitions:  (152, 8192, 7)
Partitions per solution: 8
Raw dataset shape: (9282560, 15)
Detected solutions: 185
Split counts:
split
train    7426048
test      953344
val       903168
Name: count, dtype: int64
After cleaning: 9,106,059 rows, 185 solutions
Building partitioned datasets...
Train partitions: (1184, 8192, 7)
Val partitions:   (144, 8192, 7)
Test partitions:  (152, 8192, 7)
Partitions per solution: 8
Model: 244,256 trainable parameters
Prediction heads: ['qw', 'pw', 'tw', 'me', 'theta']
torch.compile applied

  Ep |     Train |       Val |    qw MSE |    pw MSE |    tw MSE |        LR
--------------------------------------------------------------------------------
   1 |    0.9142 |    0.2991 |    0.0373 |    0.0505 |    0.0461 |  1.00e-03 *  (165.7s)
   2 |    0.1989 |    0.1507 |    0.0169 |    0.0146 |    0.0259 |  1.00e-03 *  (94.5s)
   3 |    0.1560 |    0.1998 |    0.0204 |    0.0241 |    0.0332 |  1.00e-03  (94.5s)
   4 |    0.1302 |    0.1162 |    0.0130 |    0.0115 |    0.0173 |  1.00e-03 *  (94.5s)
   5 |    0.1145 |    0.3019 |    0.0494 |    0.0235 |    0.0470 |  1.00e-03  (94.5s)
   7 |    0.0877 |    0.1128 |    0.0095 |    0.0084 |    0.0242 |  1.00e-03 *  (94.5s)
   8 |    0.0856 |    0.1094 |    0.0104 |    0.0086 |    0.0126 |  1.00e-03 *  (94.5s)
   9 |    0.0977 |    0.0702 |    0.0057 |    0.0100 |    0.0095 |  1.00e-03 *  (94.5s)
  10 |    0.1160 |    0.2038 |    0.0213 |    0.0244 |    0.0452 |  1.00e-03  (94.5s)
  17 |    0.0778 |    0.0652 |    0.0071 |    0.0059 |    0.0072 |  1.00e-03 *  (94.5s)
  18 |    0.0553 |    0.0542 |    0.0035 |    0.0041 |    0.0094 |  1.00e-03 *  (94.5s)
  20 |    0.2822 |    0.4409 |    0.0647 |    0.0763 |    0.0599 |  1.00e-03  (94.5s)
  30 |    2.3843 |    2.8930 |    0.4132 |    0.5012 |    0.3221 |  5.00e-04  (96.4s)
  40 |    2.1574 |    2.5112 |    0.3744 |    0.4495 |    0.2597 |  2.50e-04  (96.6s)

Early stopping at epoch 43

Training complete in 69.4 minutes. Best val loss: 0.0542

============================================================
  EVALUATION ON TEST SET
============================================================

============================================================
  Heat Flux qw (W/m²) — MAMBA3 RESULTS
============================================================
  MAE:          35,571
  RMSE:         64,145
  Within ±1%:   10.1%
  Within ±3%:   30.1%
  Within ±5%:   46.4%
  Within ±10%:  74.3%
  Median error:  5.46%
  95th %%ile:    21.1%

============================================================
  Pressure pw (Pa) — MAMBA3 RESULTS
============================================================
  MAE:          698
  RMSE:         1,349
  Within ±1%:   10.8%
  Within ±3%:   31.2%
  Within ±5%:   47.4%
  Within ±10%:  68.3%
  Median error:  5.40%
  95th %%ile:    32.1%

============================================================
  Shear Stress τw (Pa) — MAMBA3 RESULTS
============================================================
  MAE:          4
  RMSE:         7
  Within ±1%:   11.5%
  Within ±3%:   32.3%
  Within ±5%:   48.7%
  Within ±10%:  73.2%
  Median error:  5.20%
  95th %%ile:    25.8%

============================================================
  Edge Mach Me (-) — MAMBA3 RESULTS
============================================================
  MAE:          0
  RMSE:         0
  Within ±1%:   19.4%
  Within ±3%:   54.1%
  Within ±5%:   78.2%
  Within ±10%:  94.7%
  Median error:  2.73%
  95th %%ile:    10.3%

============================================================
  Momentum Thickness θ (m) — MAMBA3 RESULTS
============================================================
  MAE:          0
  RMSE:         0
  Within ±1%:   7.3%
  Within ±3%:   22.7%
  Within ±5%:   39.8%
  Within ±10%:  72.7%
  Median error:  6.26%
  95th %%ile:    25.7%
Saved training curves to results/run_7155405/training_curves.png
Saved evaluation plots to results/run_7155405/evaluation_plots.png

Results saved to results/run_7155405/

============================================
Job completed: Thu Mar 12 11:30:52 PM CDT 2026
============================================

=== RESULTS SUMMARY ===
no_physics: False
qw_only: False
block_type: mamba3
seq_len: 8192
n_partitions: 8
d_model: 64
d_state: 64
n_layers: 4
latent_dim: 16
targets: ['qw', 'pw', 'tw', 'me', 'theta']
target_weights: {'qw': 3.0, 'pw': 1.0, 'tw': 1.0, 'me': 1.0, 'theta': 1.0}
batch_size: 4
epochs_run: 43
best_val_loss: 0.054223
training_time_min: 69.4
world_size: 4

qw:
  MAE: 35,571
  RMSE: 64,145
  pct_1: 10.1%
  pct_5: 46.4%
  pct_10: 74.3%
  median_err: 5.46%
  q95_err: 21.1%

pw:
  MAE: 698
  RMSE: 1,349
  pct_1: 10.8%
  pct_5: 47.4%
  pct_10: 68.3%
  median_err: 5.40%
  q95_err: 32.1%

tw:
  MAE: 4
  RMSE: 7
  pct_1: 11.5%
  pct_5: 48.7%
  pct_10: 73.2%
  median_err: 5.20%
  q95_err: 25.8%

me:
  MAE: 0
  RMSE: 0
  pct_1: 19.4%
  pct_5: 78.2%
  pct_10: 94.7%
  median_err: 2.73%
  q95_err: 10.3%

theta:
  MAE: 0
  RMSE: 0
  pct_1: 7.3%
  pct_5: 39.8%
  pct_10: 72.7%
  median_err: 6.26%
  q95_err: 25.7%

Results in: results/run_7155405
