============================================
Job ID: 7122882
Node:   bb7u15g1
GPUs:   0,1,2,3
Date:   Wed Mar 11 10:00:45 PM CDT 2026
============================================

Starting training with  GPUs...

============================================================
  Mamba Autoencoder CFD — DDP
============================================================
  Device: cuda:0
  GPU: NVIDIA L40S
  VRAM: 47.6 GB
  World size: 4
  Block type: mamba3
  seq_len: 8192, partitions: 8
  d_model: 64, d_state: 64, n_layers: 4
  Targets: ['qw', 'pw', 'tw', 'me', 'theta']
  Target weights: {'qw': 2.0, 'pw': 1.0, 'tw': 1.0, 'me': 1.0, 'theta': 1.0}
  Batch size: 4 (per GPU: 1)
  Epochs: 300, LR: 0.001

Loading data...
Raw dataset shape: (9282560, 15)
Detected solutions: 185
Split counts:
split
train    7426048
test      953344
val       903168
Name: count, dtype: int64
After cleaning: 9,106,059 rows, 185 solutions
Building partitioned datasets...
Train partitions: (1184, 8192, 7)
Val partitions:   (144, 8192, 7)
Test partitions:  (152, 8192, 7)
Partitions per solution: 8
Raw dataset shape: (9282560, 15)
Detected solutions: 185
Split counts:
split
train    7426048
test      953344
val       903168
Name: count, dtype: int64
After cleaning: 9,106,059 rows, 185 solutions
Building partitioned datasets...
Train partitions: (1184, 8192, 7)
Val partitions:   (144, 8192, 7)
Test partitions:  (152, 8192, 7)
Partitions per solution: 8
Model: 228,896 trainable parameters
Prediction heads: ['qw', 'pw', 'tw', 'me', 'theta']
torch.compile applied

  Ep |     Train |       Val |    qw MSE |    pw MSE |    tw MSE |        LR
--------------------------------------------------------------------------------
   1 |    2.1026 |    0.6045 |    0.0777 |    0.0800 |    0.1075 |  1.00e-03 *  (156.3s)
   2 |    0.4489 |    0.3976 |    0.0381 |    0.0443 |    0.0593 |  1.00e-03 *  (93.4s)
   3 |    0.3250 |    0.3548 |    0.0237 |    0.0677 |    0.0819 |  1.00e-03 *  (93.4s)
   4 |    0.2581 |    0.1912 |    0.0167 |    0.0133 |    0.0286 |  1.00e-03 *  (93.4s)
   5 |    0.2195 |    0.3005 |    0.0318 |    0.0305 |    0.0399 |  1.00e-03  (93.4s)
   9 |    0.1706 |    0.1865 |    0.0339 |    0.0128 |    0.0249 |  1.00e-03 *  (93.4s)
  10 |    0.1589 |    0.1534 |    0.0082 |    0.0108 |    0.0151 |  1.00e-03 *  (93.4s)
  11 |    0.1460 |    0.1214 |    0.0164 |    0.0049 |    0.0119 |  1.00e-03 *  (93.4s)
  16 |    0.0967 |    0.1078 |    0.0127 |    0.0059 |    0.0111 |  1.00e-03 *  (93.4s)
  20 |    0.0986 |    0.1110 |    0.0145 |    0.0095 |    0.0103 |  1.00e-03  (93.4s)
  21 |    0.0843 |    0.1060 |    0.0120 |    0.0104 |    0.0130 |  1.00e-03 *  (93.4s)
  26 |    0.0650 |    0.0665 |    0.0040 |    0.0043 |    0.0072 |  1.00e-03 *  (93.4s)
  29 |    0.0715 |    0.0634 |    0.0053 |    0.0033 |    0.0063 |  1.00e-03 *  (93.5s)
  30 |    0.0608 |    0.0642 |    0.0052 |    0.0056 |    0.0070 |  1.00e-03  (93.4s)
  40 |    0.3148 |    0.4887 |    0.0335 |    0.0289 |    0.1488 |  5.00e-04  (93.4s)
  50 |       nan |       nan |       nan |       nan |       nan |  5.00e-04  (93.4s)

============================================
Job completed: Wed Mar 11 11:33:50 PM CDT 2026
============================================
