Traceback (most recent call last):
  File "<string>", line 2, in <module>
  File "/projects/dsci435/NASA_REENTRY_SP26/.conda/envs/mamba-cfd/lib/python3.11/site-packages/torch/__init__.py", line 898, in <module>
    raise ImportError(
ImportError: Failed to load PyTorch C extensions:
    It appears that PyTorch has loaded the `torch/_C` folder
    of the PyTorch repository rather than the C extensions which
    are expected in the `torch._C` namespace. This can occur when
    using the `install` workflow. e.g.
        $ python setup.py install && python -c "import torch"

    This error can generally be solved using the `develop` workflow
        $ python setup.py develop && python -c "import torch"  # This should succeed
    or by running Python from a different directory.
Traceback (most recent call last):
  File "<string>", line 1, in <module>
  File "/projects/dsci435/NASA_REENTRY_SP26/.conda/envs/mamba-cfd/lib/python3.11/site-packages/torch/__init__.py", line 898, in <module>
    raise ImportError(
ImportError: Failed to load PyTorch C extensions:
    It appears that PyTorch has loaded the `torch/_C` folder
    of the PyTorch repository rather than the C extensions which
    are expected in the `torch._C` namespace. This can occur when
    using the `install` workflow. e.g.
        $ python setup.py install && python -c "import torch"

    This error can generally be solved using the `develop` workflow
        $ python setup.py develop && python -c "import torch"  # This should succeed
    or by running Python from a different directory.
[W315 04:18:41.708662870 CUDAAllocatorConfig.h:28] Warning: expandable_segments not supported on this platform (function operator())
[W315 04:18:41.727490049 CUDAAllocatorConfig.h:28] Warning: expandable_segments not supported on this platform (function operator())
[W315 04:18:41.736488339 CUDAAllocatorConfig.h:28] Warning: expandable_segments not supported on this platform (function operator())
[W315 04:18:41.755567685 CUDAAllocatorConfig.h:28] Warning: expandable_segments not supported on this platform (function operator())
slurmstepd: error: *** JOB 7516324 ON bb6u21g1 CANCELLED AT 2026-03-16T04:18:55 DUE TO TIME LIMIT ***
