============================================
Job ID: 7443143  [QW ONLY]
Node:   bb6u21g1
GPUs:   0,1,2,3
Date:   Sat Mar 14 10:09:59 PM CDT 2026
============================================

Starting training (QW ONLY) with  GPUs...

============================================================
  Mamba Autoencoder CFD — DDP
============================================================
  Device: cuda:0
  GPU: NVIDIA L40S
  VRAM: 47.6 GB
  World size: 4
  Block type: mamba3
  seq_len: 8192, partitions: 8
  d_model: 64, d_state: 64, n_layers: 4
  Targets: ['qw']
  Target weights: {'qw': 3.0}
  Batch size: 4 (per GPU: 1)
  Epochs: 300, LR: 0.001

Loading data...
Raw dataset shape: (9282560, 15)
Detected solutions: 185
Split counts:
split
train    7426048
test      953344
val       903168
Name: count, dtype: int64
After cleaning: 9,106,059 rows, 185 solutions
Building partitioned datasets...
Train partitions: (1184, 8192, 7)
Val partitions:   (144, 8192, 7)
Test partitions:  (152, 8192, 7)
Partitions per solution: 8
Raw dataset shape: (9282560, 15)
Detected solutions: 185
Split counts:
split
train    7426048
test      953344
val       903168
Name: count, dtype: int64
After cleaning: 9,106,059 rows, 185 solutions
Building partitioned datasets...
Train partitions: (1184, 8192, 7)
Val partitions:   (144, 8192, 7)
Test partitions:  (152, 8192, 7)
Partitions per solution: 8
Model: 226,844 trainable parameters
Prediction heads: ['qw']

  Ep |     Train |       Val |    qw MSE |    pw MSE |    tw MSE |        LR
--------------------------------------------------------------------------------
   1 |    0.3864 |    0.1820 |    0.0565 |    0.0000 |    0.0000 |  1.00e-03 *  (476.3s)
   2 |    0.0868 |    0.0647 |    0.0200 |    0.0000 |    0.0000 |  1.00e-03 *  (475.6s)
   3 |    0.0522 |    0.1219 |    0.0394 |    0.0000 |    0.0000 |  1.00e-03  (475.6s)
   4 |    0.0429 |    0.0345 |    0.0107 |    0.0000 |    0.0000 |  1.00e-03 *  (475.5s)
   5 |    0.0401 |    0.1031 |    0.0334 |    0.0000 |    0.0000 |  1.00e-03  (475.6s)
  10 |    0.0254 |    0.0467 |    0.0149 |    0.0000 |    0.0000 |  1.00e-03  (475.6s)
  11 |    0.0204 |    0.0118 |    0.0036 |    0.0000 |    0.0000 |  1.00e-03 *  (475.6s)
  17 |    0.0172 |    0.0071 |    0.0021 |    0.0000 |    0.0000 |  1.00e-03 *  (475.5s)
  20 |    0.0102 |    0.0050 |    0.0014 |    0.0000 |    0.0000 |  1.00e-03 *  (475.7s)
  30 |    0.0112 |    0.0141 |    0.0045 |    0.0000 |    0.0000 |  1.00e-03  (475.7s)
  40 |    0.1699 |    0.2942 |    0.0878 |    0.0000 |    0.0000 |  5.00e-04  (475.5s)

Early stopping at epoch 45

Training complete in 356.7 minutes. Best val loss: 0.0050

============================================================
  EVALUATION ON TEST SET
============================================================

============================================================
  Heat Flux qw (W/m²) — MAMBA3 RESULTS
============================================================
  MAE:          34,670
  RMSE:         56,433
  Within ±1%:   12.0%
  Within ±3%:   33.8%
  Within ±5%:   52.9%
  Within ±10%:  77.8%
  Median error:  4.68%
  95th %%ile:    21.7%
Saved training curves to results/run_7443143/training_curves.png
Saved evaluation plots to results/run_7443143/evaluation_plots.png

Results saved to results/run_7443143/

============================================
Job completed: Sun Mar 15 04:18:05 AM CDT 2026
============================================

=== RESULTS SUMMARY ===
no_physics: False
qw_only: True
block_type: mamba3
seq_len: 8192
n_partitions: 8
d_model: 64
d_state: 64
n_layers: 4
latent_dim: 16
targets: ['qw']
target_weights: {'qw': 3.0}
batch_size: 4
epochs_run: 45
best_val_loss: 0.004973
training_time_min: 356.7
world_size: 4

qw:
  MAE: 34,670
  RMSE: 56,433
  pct_1: 12.0%
  pct_5: 52.9%
  pct_10: 77.8%
  median_err: 4.68%
  q95_err: 21.7%

Results in: results/run_7443143
