============================================
Job ID: 7627503  [60/20/20 SPLIT]
Node:   bb6u13g1
GPUs:   0,1,2,3
Date:   Mon Mar 16 09:26:22 PM CDT 2026
============================================

Starting training (60/20/20 split) with  GPUs...

============================================================
  Mamba Autoencoder CFD — DDP
============================================================
  Device: cuda:0
  GPU: NVIDIA L40S
  VRAM: 47.6 GB
  World size: 4
  Block type: mamba3
  seq_len: 8192, partitions: 8
  d_model: 64, d_state: 64, n_layers: 4
  Targets: ['qw', 'pw', 'tw', 'me', 'theta']
  Target weights: {'qw': 3.0, 'pw': 1.0, 'tw': 1.0, 'me': 1.0, 'theta': 1.0}
  Batch size: 4 (per GPU: 1)
  Epochs: 300, LR: 0.001

Loading data...
Raw dataset shape: (9282560, 15)
Detected solutions: 185
Split counts:
split
train    5569536
val      1856512
test     1856512
Name: count, dtype: int64
After cleaning: 9,106,059 rows, 185 solutions
Building partitioned datasets...
Train partitions: (888, 8192, 7)
Val partitions:   (296, 8192, 7)
Test partitions:  (296, 8192, 7)
Partitions per solution: 8
Raw dataset shape: (9282560, 15)
Detected solutions: 185
Split counts:
split
train    5569536
val      1856512
test     1856512
Name: count, dtype: int64
After cleaning: 9,106,059 rows, 185 solutions
Building partitioned datasets...
Train partitions: (888, 8192, 7)
Val partitions:   (296, 8192, 7)
Test partitions:  (296, 8192, 7)
Partitions per solution: 8
Model: 244,256 trainable parameters
Prediction heads: ['qw', 'pw', 'tw', 'me', 'theta']

  Ep |     Train |       Val |    qw MSE |    pw MSE |    tw MSE |        LR
--------------------------------------------------------------------------------
   1 |    1.9346 |    0.7377 |    0.1327 |    0.1798 |    0.1687 |  2.00e-04 *  (376.3s)
   2 |    0.6274 |    0.3549 |    0.0568 |    0.0571 |    0.0722 |  4.00e-04 *  (375.0s)
   3 |    0.3353 |    0.2131 |    0.0336 |    0.0337 |    0.0542 |  6.00e-04 *  (375.0s)
   4 |    0.2478 |    0.1708 |    0.0276 |    0.0328 |    0.0310 |  8.00e-04 *  (375.2s)
   5 |    0.1870 |    0.1102 |    0.0145 |    0.0123 |    0.0255 |  1.00e-03 *  (375.3s)
   9 |    0.0955 |    0.0890 |    0.0117 |    0.0159 |    0.0204 |  1.00e-03 *  (375.3s)
  10 |    0.1110 |    0.0715 |    0.0096 |    0.0079 |    0.0120 |  1.00e-03 *  (375.4s)
  12 |    0.0697 |    0.0480 |    0.0046 |    0.0075 |    0.0132 |  1.00e-03 *  (375.4s)
  18 |    0.0565 |    0.0415 |    0.0065 |    0.0080 |    0.0067 |  1.00e-03 *  (375.3s)
  20 |    0.0441 |    0.0333 |    0.0068 |    0.0041 |    0.0081 |  1.00e-03 *  (374.8s)
  29 |    0.0313 |    0.0221 |    0.0036 |    0.0034 |    0.0050 |  1.00e-03 *  (373.5s)
  30 |    0.0376 |    0.0308 |    0.0030 |    0.0025 |    0.0054 |  1.00e-03  (373.5s)
  40 |    0.0319 |    0.0359 |    0.0123 |    0.0117 |    0.0164 |  5.00e-04  (373.5s)
  41 |    0.0231 |    0.0110 |    0.0012 |    0.0010 |    0.0016 |  5.00e-04 *  (374.1s)
  50 |    0.0133 |    0.0099 |    0.0006 |    0.0009 |    0.0011 |  5.00e-04 *  (373.8s)
  55 |    0.0122 |    0.0086 |    0.0006 |    0.0005 |    0.0010 |  5.00e-04 *  (373.9s)
  57 |    0.0119 |    0.0077 |    0.0007 |    0.0008 |    0.0010 |  5.00e-04 *  (374.0s)
  60 |    0.0154 |    0.0112 |    0.0019 |    0.0014 |    0.0023 |  5.00e-04  (372.9s)
  69 |    0.0074 |    0.0066 |    0.0006 |    0.0008 |    0.0011 |  2.50e-04 *  (372.9s)
  70 |    0.0057 |    0.0072 |    0.0005 |    0.0007 |    0.0009 |  2.50e-04  (372.9s)
  73 |    0.0056 |    0.0056 |    0.0006 |    0.0006 |    0.0007 |  2.50e-04 *  (373.1s)
  77 |    0.0049 |    0.0052 |    0.0005 |    0.0004 |    0.0009 |  2.50e-04 *  (373.0s)
  80 |    0.0068 |    0.0083 |    0.0007 |    0.0006 |    0.0010 |  2.50e-04  (372.9s)
  84 |    0.0057 |    0.0052 |    0.0005 |    0.0005 |    0.0008 |  2.50e-04 *  (373.0s)
  90 |    0.0060 |    0.0053 |    0.0004 |    0.0004 |    0.0007 |  2.50e-04  (373.0s)
  96 |    0.0042 |    0.0049 |    0.0003 |    0.0004 |    0.0005 |  1.25e-04 *  (372.9s)
  97 |    0.0035 |    0.0042 |    0.0003 |    0.0003 |    0.0004 |  1.25e-04 *  (372.9s)
  99 |    0.0035 |    0.0038 |    0.0002 |    0.0003 |    0.0004 |  1.25e-04 *  (373.1s)
 100 |    0.0034 |    0.0048 |    0.0003 |    0.0003 |    0.0005 |  1.25e-04  (372.9s)
 110 |    0.0038 |    0.0040 |    0.0003 |    0.0002 |    0.0005 |  6.25e-05  (372.9s)
 111 |    0.0026 |    0.0037 |    0.0003 |    0.0003 |    0.0004 |  6.25e-05 *  (373.0s)
 112 |    0.0028 |    0.0036 |    0.0002 |    0.0002 |    0.0004 |  6.25e-05 *  (372.9s)
 114 |    0.0026 |    0.0035 |    0.0002 |    0.0003 |    0.0004 |  6.25e-05 *  (372.9s)
 120 |    0.0027 |    0.0036 |    0.0002 |    0.0002 |    0.0003 |  6.25e-05  (373.0s)
 121 |    0.0028 |    0.0034 |    0.0002 |    0.0002 |    0.0003 |  6.25e-05 *  (373.0s)
 122 |    0.0027 |    0.0033 |    0.0002 |    0.0002 |    0.0003 |  6.25e-05 *  (372.9s)
 130 |    0.0023 |    0.0033 |    0.0002 |    0.0002 |    0.0003 |  6.25e-05 *  (373.0s)
 138 |    0.0025 |    0.0033 |    0.0002 |    0.0002 |    0.0004 |  6.25e-05 *  (373.0s)
 140 |    0.0027 |    0.0033 |    0.0002 |    0.0002 |    0.0003 |  6.25e-05  (372.9s)
 150 |    0.0023 |    0.0034 |    0.0002 |    0.0002 |    0.0003 |  3.13e-05  (373.0s)
 151 |    0.0025 |    0.0031 |    0.0002 |    0.0002 |    0.0003 |  3.13e-05 *  (373.0s)
 153 |    0.0023 |    0.0030 |    0.0002 |    0.0002 |    0.0003 |  3.13e-05 *  (372.9s)
 160 |    0.0022 |    0.0032 |    0.0002 |    0.0002 |    0.0003 |  3.13e-05  (373.1s)
 170 |    0.0019 |    0.0030 |    0.0002 |    0.0002 |    0.0003 |  1.56e-05  (373.1s)

Early stopping at epoch 178

Training complete in 1108.1 minutes. Best val loss: 0.0030

============================================================
  EVALUATION ON TEST SET
============================================================

============================================================
  Heat Flux qw (W/m²) — MAMBA3 RESULTS
============================================================
  MAE:          7,485
  RMSE:         16,199
  Within ±1%:   52.2%
  Within ±3%:   88.8%
  Within ±5%:   96.3%
  Within ±10%:  99.8%
  Median error:  0.94%
  95th %%ile:    4.4%

============================================================
  Pressure pw (Pa) — MAMBA3 RESULTS
============================================================
  MAE:          184
  RMSE:         425
  Within ±1%:   44.8%
  Within ±3%:   84.4%
  Within ±5%:   94.7%
  Within ±10%:  99.5%
  Median error:  1.14%
  95th %%ile:    5.1%

============================================================
  Shear Stress τw (Pa) — MAMBA3 RESULTS
============================================================
  MAE:          1
  RMSE:         1
  Within ±1%:   50.8%
  Within ±3%:   91.1%
  Within ±5%:   97.3%
  Within ±10%:  99.5%
  Median error:  0.98%
  95th %%ile:    3.9%

============================================================
  Edge Mach Me (-) — MAMBA3 RESULTS
============================================================
  MAE:          0
  RMSE:         0
  Within ±1%:   71.1%
  Within ±3%:   98.0%
  Within ±5%:   99.4%
  Within ±10%:  99.9%
  Median error:  0.61%
  95th %%ile:    2.2%

============================================================
  Momentum Thickness θ (m) — MAMBA3 RESULTS
============================================================
  MAE:          0
  RMSE:         0
  Within ±1%:   38.7%
  Within ±3%:   83.8%
  Within ±5%:   94.5%
  Within ±10%:  98.3%
  Median error:  1.36%
  95th %%ile:    5.3%
Saved training curves to results/run_7627503/training_curves.png
Saved evaluation plots to results/run_7627503/evaluation_plots.png

Results saved to results/run_7627503/

============================================
Job completed: Tue Mar 17 03:57:41 PM CDT 2026
============================================

=== RESULTS SUMMARY ===
no_physics: False
qw_only: False
block_type: mamba3
seq_len: 8192
n_partitions: 8
d_model: 64
d_state: 64
n_layers: 4
latent_dim: 16
targets: ['qw', 'pw', 'tw', 'me', 'theta']
target_weights: {'qw': 3.0, 'pw': 1.0, 'tw': 1.0, 'me': 1.0, 'theta': 1.0}
batch_size: 4
epochs_run: 178
best_val_loss: 0.002982
training_time_min: 1108.1
world_size: 4

qw:
  MAE: 7,485
  RMSE: 16,199
  pct_1: 52.2%
  pct_5: 96.3%
  pct_10: 99.8%
  median_err: 0.94%
  q95_err: 4.4%

pw:
  MAE: 184
  RMSE: 425
  pct_1: 44.8%
  pct_5: 94.7%
  pct_10: 99.5%
  median_err: 1.14%
  q95_err: 5.1%

tw:
  MAE: 1
  RMSE: 1
  pct_1: 50.8%
  pct_5: 97.3%
  pct_10: 99.5%
  median_err: 0.98%
  q95_err: 3.9%

me:
  MAE: 0
  RMSE: 0
  pct_1: 71.1%
  pct_5: 99.4%
  pct_10: 99.9%
  median_err: 0.61%
  q95_err: 2.2%

theta:
  MAE: 0
  RMSE: 0
  pct_1: 38.7%
  pct_5: 94.5%
  pct_10: 98.3%
  median_err: 1.36%
  q95_err: 5.3%

Results in: results/run_7627503
