============================================
Job ID: 7740600  [NO PHYSICS / 60/20/20]
Node:   bb6u13g1
GPUs:   0,1,2,3
Date:   Sat Mar 21 08:33:42 PM CDT 2026
============================================

Starting training (no physics, 60/20/20) with 4 GPUs...

============================================================
  Mamba Autoencoder CFD — DDP
============================================================
  Device: cuda:0
  GPU: NVIDIA L40S
  VRAM: 47.6 GB
  World size: 4
  Block type: mamba3
  seq_len: 8192, partitions: 8
  d_model: 64, d_state: 64, n_layers: 4
  Targets: ['qw', 'pw', 'tw', 'me', 'theta']
  Target weights: {'qw': 3.0, 'pw': 1.0, 'tw': 1.0, 'me': 1.0, 'theta': 1.0}
  Batch size: 4 (per GPU: 1)
  Epochs: 300, LR: 0.001

Loading data...
Raw dataset shape: (9282560, 15)
Detected solutions: 185
Split counts:
split
train    5569536
val      1856512
test     1856512
Name: count, dtype: int64
After cleaning: 9,106,059 rows, 185 solutions
Building partitioned datasets...
Train partitions: (888, 8192, 7)
Val partitions:   (296, 8192, 7)
Test partitions:  (296, 8192, 7)
Partitions per solution: 8
Raw dataset shape: (9282560, 15)
Detected solutions: 185
Split counts:
split
train    5569536
val      1856512
test     1856512
Name: count, dtype: int64
After cleaning: 9,106,059 rows, 185 solutions
Building partitioned datasets...
Train partitions: (888, 8192, 7)
Val partitions:   (296, 8192, 7)
Test partitions:  (296, 8192, 7)
Partitions per solution: 8
Model: 244,256 trainable parameters
Prediction heads: ['qw', 'pw', 'tw', 'me', 'theta']

  Ep |     Train |       Val |    qw MSE |    pw MSE |    tw MSE |        LR
--------------------------------------------------------------------------------
   1 |    1.9336 |    0.7393 |    0.1263 |    0.1748 |    0.1642 |  2.00e-04 *  (374.6s)
   2 |    0.6256 |    0.3512 |    0.0567 |    0.0557 |    0.0751 |  4.00e-04 *  (373.4s)
   3 |    0.3596 |    0.2323 |    0.0300 |    0.0376 |    0.0462 |  6.00e-04 *  (373.6s)
   4 |    0.2336 |    0.1932 |    0.0359 |    0.0378 |    0.0417 |  8.00e-04 *  (373.5s)
   5 |    0.1817 |    0.1225 |    0.0196 |    0.0155 |    0.0319 |  1.00e-03 *  (373.6s)
   9 |    0.1005 |    0.0923 |    0.0139 |    0.0179 |    0.0222 |  1.00e-03 *  (373.7s)
  10 |    0.1122 |    0.0740 |    0.0131 |    0.0085 |    0.0141 |  1.00e-03 *  (373.7s)
  11 |    0.0850 |    0.0522 |    0.0052 |    0.0051 |    0.0147 |  1.00e-03 *  (373.6s)
  12 |    0.0748 |    0.0482 |    0.0071 |    0.0060 |    0.0107 |  1.00e-03 *  (373.6s)
  15 |    0.0605 |    0.0451 |    0.0087 |    0.0056 |    0.0103 |  1.00e-03 *  (373.5s)
  18 |    0.0559 |    0.0371 |    0.0049 |    0.0091 |    0.0078 |  1.00e-03 *  (373.6s)
  20 |    0.0479 |    0.0349 |    0.0088 |    0.0050 |    0.0068 |  1.00e-03 *  (373.6s)
  23 |    0.0573 |    0.0330 |    0.0039 |    0.0034 |    0.0067 |  1.00e-03 *  (373.8s)
  26 |    0.0430 |    0.0309 |    0.0049 |    0.0045 |    0.0094 |  1.00e-03 *  (373.6s)
  30 |    0.0394 |    0.0304 |    0.0046 |    0.0025 |    0.0056 |  1.00e-03 *  (373.5s)
  33 |    0.0360 |    0.0267 |    0.0028 |    0.0028 |    0.0051 |  1.00e-03 *  (373.6s)
  35 |    0.0357 |    0.0231 |    0.0014 |    0.0017 |    0.0032 |  1.00e-03 *  (373.6s)
  40 |    0.0356 |    0.0439 |    0.0133 |    0.0114 |    0.0190 |  1.00e-03  (373.6s)
  41 |    0.0326 |    0.0150 |    0.0024 |    0.0012 |    0.0025 |  1.00e-03 *  (373.6s)
  50 |    0.0273 |    0.0200 |    0.0016 |    0.0022 |    0.0032 |  1.00e-03  (373.7s)
  53 |    0.0192 |    0.0104 |    0.0011 |    0.0010 |    0.0015 |  5.00e-04 *  (373.7s)
  55 |    0.0123 |    0.0087 |    0.0011 |    0.0010 |    0.0011 |  5.00e-04 *  (373.6s)
  57 |    0.0099 |    0.0087 |    0.0012 |    0.0011 |    0.0018 |  5.00e-04 *  (373.6s)
  60 |    0.0117 |    0.0133 |    0.0022 |    0.0015 |    0.0026 |  5.00e-04  (373.7s)
  62 |    0.0092 |    0.0086 |    0.0010 |    0.0010 |    0.0014 |  5.00e-04 *  (373.5s)
  69 |    0.0094 |    0.0081 |    0.0010 |    0.0012 |    0.0015 |  5.00e-04 *  (373.6s)
  70 |    0.0095 |    0.0098 |    0.0015 |    0.0009 |    0.0016 |  5.00e-04  (373.7s)
  80 |    0.0113 |    0.0092 |    0.0011 |    0.0009 |    0.0015 |  2.50e-04  (375.4s)
  81 |    0.0059 |    0.0067 |    0.0007 |    0.0007 |    0.0010 |  2.50e-04 *  (375.4s)
  82 |    0.0055 |    0.0050 |    0.0004 |    0.0004 |    0.0006 |  2.50e-04 *  (373.4s)
  84 |    0.0040 |    0.0042 |    0.0003 |    0.0003 |    0.0006 |  2.50e-04 *  (372.6s)
  90 |    0.0055 |    0.0052 |    0.0005 |    0.0005 |    0.0008 |  2.50e-04  (372.7s)
  97 |    0.0030 |    0.0038 |    0.0003 |    0.0003 |    0.0005 |  1.25e-04 *  (372.7s)
  99 |    0.0033 |    0.0037 |    0.0003 |    0.0002 |    0.0005 |  1.25e-04 *  (372.7s)
 100 |    0.0034 |    0.0043 |    0.0003 |    0.0002 |    0.0004 |  1.25e-04  (372.7s)
 104 |    0.0033 |    0.0035 |    0.0003 |    0.0002 |    0.0004 |  1.25e-04 *  (372.7s)
 110 |    0.0035 |    0.0041 |    0.0003 |    0.0002 |    0.0005 |  1.25e-04  (372.6s)
 116 |    0.0025 |    0.0035 |    0.0003 |    0.0002 |    0.0004 |  6.25e-05 *  (372.7s)
 119 |    0.0027 |    0.0034 |    0.0002 |    0.0002 |    0.0004 |  6.25e-05 *  (372.7s)
 120 |    0.0025 |    0.0034 |    0.0002 |    0.0002 |    0.0004 |  6.25e-05 *  (372.7s)
 121 |    0.0027 |    0.0032 |    0.0002 |    0.0002 |    0.0004 |  6.25e-05 *  (372.7s)
 123 |    0.0026 |    0.0031 |    0.0002 |    0.0002 |    0.0003 |  6.25e-05 *  (372.7s)
 130 |    0.0021 |    0.0032 |    0.0002 |    0.0002 |    0.0004 |  6.25e-05  (372.7s)
 137 |    0.0022 |    0.0031 |    0.0002 |    0.0002 |    0.0003 |  3.13e-05 *  (372.8s)
 138 |    0.0022 |    0.0030 |    0.0002 |    0.0002 |    0.0003 |  3.13e-05 *  (372.8s)
 140 |    0.0024 |    0.0031 |    0.0002 |    0.0002 |    0.0003 |  3.13e-05  (372.8s)
 148 |    0.0020 |    0.0029 |    0.0002 |    0.0002 |    0.0003 |  3.13e-05 *  (372.8s)
 150 |    0.0020 |    0.0032 |    0.0002 |    0.0002 |    0.0003 |  3.13e-05  (372.8s)
 153 |    0.0022 |    0.0029 |    0.0002 |    0.0002 |    0.0003 |  3.13e-05 *  (372.8s)
 159 |    0.0022 |    0.0029 |    0.0002 |    0.0002 |    0.0003 |  3.13e-05 *  (372.7s)
 160 |    0.0020 |    0.0030 |    0.0002 |    0.0002 |    0.0003 |  3.13e-05  (372.8s)
 170 |    0.0019 |    0.0030 |    0.0002 |    0.0001 |    0.0003 |  1.56e-05  (372.8s)
 171 |    0.0019 |    0.0028 |    0.0002 |    0.0001 |    0.0003 |  1.56e-05 *  (372.7s)
 172 |    0.0017 |    0.0028 |    0.0002 |    0.0001 |    0.0003 |  1.56e-05 *  (372.7s)
 179 |    0.0017 |    0.0028 |    0.0002 |    0.0001 |    0.0003 |  1.56e-05 *  (372.8s)
 180 |    0.0020 |    0.0029 |    0.0002 |    0.0001 |    0.0003 |  1.56e-05  (372.8s)
 189 |    0.0017 |    0.0028 |    0.0002 |    0.0001 |    0.0003 |  1.56e-05 *  (372.8s)
 190 |    0.0019 |    0.0029 |    0.0002 |    0.0001 |    0.0003 |  1.56e-05  (372.6s)
 192 |    0.0018 |    0.0027 |    0.0002 |    0.0001 |    0.0003 |  1.56e-05 *  (372.7s)
 193 |    0.0017 |    0.0027 |    0.0002 |    0.0001 |    0.0003 |  1.56e-05 *  (372.8s)
 200 |    0.0017 |    0.0027 |    0.0002 |    0.0001 |    0.0003 |  1.56e-05  (373.1s)
 210 |    0.0021 |    0.0028 |    0.0002 |    0.0001 |    0.0003 |  7.81e-06  (372.8s)

Early stopping at epoch 218

Training complete in 1356.0 minutes. Best val loss: 0.0027

============================================================
  EVALUATION ON TEST SET
============================================================

============================================================
  Heat Flux qw (W/m²) — MAMBA3 RESULTS
============================================================
  MAE:          7,177
  RMSE:         15,435
  Within ±1%:   54.8%
  Within ±3%:   89.2%
  Within ±5%:   96.8%
  Within ±10%:  99.8%
  Median error:  0.88%
  95th %%ile:    4.3%

============================================================
  Pressure pw (Pa) — MAMBA3 RESULTS
============================================================
  MAE:          174
  RMSE:         396
  Within ±1%:   47.4%
  Within ±3%:   85.7%
  Within ±5%:   96.0%
  Within ±10%:  99.7%
  Median error:  1.07%
  95th %%ile:    4.7%

============================================================
  Shear Stress τw (Pa) — MAMBA3 RESULTS
============================================================
  MAE:          1
  RMSE:         1
  Within ±1%:   53.2%
  Within ±3%:   92.2%
  Within ±5%:   97.6%
  Within ±10%:  99.6%
  Median error:  0.93%
  95th %%ile:    3.6%

============================================================
  Edge Mach Me (-) — MAMBA3 RESULTS
============================================================
  MAE:          0
  RMSE:         0
  Within ±1%:   73.5%
  Within ±3%:   98.3%
  Within ±5%:   99.4%
  Within ±10%:  99.9%
  Median error:  0.56%
  95th %%ile:    2.0%

============================================================
  Momentum Thickness θ (m) — MAMBA3 RESULTS
============================================================
  MAE:          0
  RMSE:         0
  Within ±1%:   40.6%
  Within ±3%:   84.4%
  Within ±5%:   94.7%
  Within ±10%:  98.3%
  Median error:  1.28%
  95th %%ile:    5.2%
Saved training curves to results/run_7740600/training_curves.png
Saved evaluation plots to results/run_7740600/evaluation_plots.png

Results saved to results/run_7740600/

============================================
Job completed: Sun Mar 22 07:13:47 PM CDT 2026
============================================

=== RESULTS SUMMARY ===
no_physics: True
qw_only: False
block_type: mamba3
seq_len: 8192
n_partitions: 8
d_model: 64
d_state: 64
n_layers: 4
latent_dim: 16
targets: ['qw', 'pw', 'tw', 'me', 'theta']
target_weights: {'qw': 3.0, 'pw': 1.0, 'tw': 1.0, 'me': 1.0, 'theta': 1.0}
batch_size: 4
epochs_run: 218
best_val_loss: 0.002650
training_time_min: 1356.0
world_size: 4

qw:
  MAE: 7,177
  RMSE: 15,435
  pct_1: 54.8%
  pct_5: 96.8%
  pct_10: 99.8%
  median_err: 0.88%
  q95_err: 4.3%

pw:
  MAE: 174
  RMSE: 396
  pct_1: 47.4%
  pct_5: 96.0%
  pct_10: 99.7%
  median_err: 1.07%
  q95_err: 4.7%

tw:
  MAE: 1
  RMSE: 1
  pct_1: 53.2%
  pct_5: 97.6%
  pct_10: 99.6%
  median_err: 0.93%
  q95_err: 3.6%

me:
  MAE: 0
  RMSE: 0
  pct_1: 73.5%
  pct_5: 99.4%
  pct_10: 99.9%
  median_err: 0.56%
  q95_err: 2.0%

theta:
  MAE: 0
  RMSE: 0
  pct_1: 40.6%
  pct_5: 94.7%
  pct_10: 98.3%
  median_err: 1.28%
  q95_err: 5.2%

Results in: results/run_7740600
